2024-10-14 14:01:46 [http-nio-8080-exec-1] INFO  l.i.p.controller.CustomerController - From saveCustomer: Customer Saved Successfully !!!
2024-10-14 14:04:32 [http-nio-8080-exec-2] WARN  l.i.p.controller.CustomerController - From saveCustomer: Customer Not Saved !!!
2024-10-14 14:10:51 [http-nio-8080-exec-1] INFO  l.i.p.controller.CustomerController - From Customer: Customer Saved Successfully !!!
2024-10-14 17:32:33 [http-nio-8080-exec-4] INFO  l.i.p.controller.CustomerController - From Customer: Customer Get Successfully !!!
2024-10-14 17:32:33 [http-nio-8080-exec-10] INFO  l.i.p.controller.ItemController - From Item: Item Get Successfully !!!
2024-10-14 17:32:35 [http-nio-8080-exec-6] INFO  l.i.p.controller.CustomerController - From Customer: Customer Get Successfully !!!
2024-10-14 17:32:35 [http-nio-8080-exec-3] INFO  l.i.p.controller.ItemController - From Item: Item Get Successfully !!!
2024-10-14 17:32:35 [http-nio-8080-exec-5] INFO  l.i.p.controller.ItemController - From Item: Item Get Successfully !!!
2024-10-14 17:32:35 [http-nio-8080-exec-8] INFO  l.i.p.controller.CustomerController - From Customer: Customer Get Successfully !!!
2024-10-14 17:32:36 [http-nio-8080-exec-1] INFO  l.i.p.controller.CustomerController - From Customer: Customer Get Successfully !!!
2024-10-14 17:32:36 [http-nio-8080-exec-2] INFO  l.i.p.controller.OrderController - From Order: Order Get Successfully !!!
2024-10-14 17:36:55 [http-nio-8080-exec-1] INFO  l.i.p.controller.CustomerController - From Customer: Customer Get Successfully !!!
2024-10-14 17:36:55 [http-nio-8080-exec-7] INFO  l.i.p.controller.ItemController - From Item: Item Get Successfully !!!
2024-10-14 17:36:56 [http-nio-8080-exec-4] INFO  l.i.p.controller.OrderController - From Order: Order Get Successfully !!!
2024-10-14 17:36:56 [http-nio-8080-exec-3] INFO  l.i.p.controller.CustomerController - From Customer: Customer Get Successfully !!!
2024-10-14 17:36:57 [http-nio-8080-exec-6] INFO  l.i.p.controller.ItemController - From Item: Item Get Successfully !!!
2024-10-14 17:36:57 [http-nio-8080-exec-2] INFO  l.i.p.controller.CustomerController - From Customer: Customer Get Successfully !!!
2024-10-14 17:36:57 [http-nio-8080-exec-5] INFO  l.i.p.controller.ItemController - From Item: Item Get Successfully !!!
2024-10-14 17:36:57 [http-nio-8080-exec-8] INFO  l.i.p.controller.CustomerController - From Customer: Customer Get Successfully !!!
2024-10-14 17:37:20 [http-nio-8080-exec-7] INFO  l.i.p.controller.CustomerController - From Customer: Customer Saved Successfully !!!
2024-10-14 17:37:20 [http-nio-8080-exec-3] INFO  l.i.p.controller.CustomerController - From Customer: Customer Get Successfully !!!
2024-10-14 17:37:20 [http-nio-8080-exec-6] INFO  l.i.p.controller.CustomerController - From Customer: Customer Get Successfully !!!
2024-10-14 17:37:20 [http-nio-8080-exec-2] INFO  l.i.p.controller.CustomerController - From Customer: Customer Get Successfully !!!
2024-10-14 17:38:56 [http-nio-8080-exec-1] INFO  l.i.p.controller.ItemController - From Item: Item Get Successfully !!!
2024-10-14 17:38:56 [http-nio-8080-exec-10] INFO  l.i.p.controller.CustomerController - From Customer: Customer Get Successfully !!!
2024-10-14 17:38:56 [http-nio-8080-exec-9] INFO  l.i.p.controller.OrderController - From Order: Order Get Successfully !!!
2024-10-14 17:38:56 [http-nio-8080-exec-4] INFO  l.i.p.controller.CustomerController - From Customer: Customer Get Successfully !!!
2024-10-14 17:38:57 [http-nio-8080-exec-3] INFO  l.i.p.controller.ItemController - From Item: Item Get Successfully !!!
2024-10-14 17:38:57 [http-nio-8080-exec-7] INFO  l.i.p.controller.CustomerController - From Customer: Customer Get Successfully !!!
2024-10-14 17:38:57 [http-nio-8080-exec-6] INFO  l.i.p.controller.ItemController - From Item: Item Get Successfully !!!
2024-10-14 17:38:57 [http-nio-8080-exec-2] INFO  l.i.p.controller.CustomerController - From Customer: Customer Get Successfully !!!
2024-10-14 17:39:32 [http-nio-8080-exec-1] WARN  l.i.p.controller.CustomerController - From Customer: Customer Not Found
2024-10-14 17:43:08 [http-nio-8080-exec-2] INFO  l.i.p.controller.CustomerController - From Customer: Customer Get Successfully !!!
2024-10-14 17:43:08 [http-nio-8080-exec-1] INFO  l.i.p.controller.ItemController - From Item: Item Get Successfully !!!
2024-10-14 17:43:08 [http-nio-8080-exec-4] INFO  l.i.p.controller.OrderController - From Order: Order Get Successfully !!!
2024-10-14 17:43:08 [http-nio-8080-exec-3] INFO  l.i.p.controller.ItemController - From Item: Item Get Successfully !!!
2024-10-14 17:43:08 [http-nio-8080-exec-5] INFO  l.i.p.controller.CustomerController - From Customer: Customer Get Successfully !!!
2024-10-14 17:43:09 [http-nio-8080-exec-6] INFO  l.i.p.controller.ItemController - From Item: Item Get Successfully !!!
2024-10-14 17:43:09 [http-nio-8080-exec-7] INFO  l.i.p.controller.CustomerController - From Customer: Customer Get Successfully !!!
2024-10-14 17:43:09 [http-nio-8080-exec-8] INFO  l.i.p.controller.CustomerController - From Customer: Customer Get Successfully !!!
2024-10-14 17:43:27 [http-nio-8080-exec-1] INFO  l.i.p.controller.CustomerController - From Customer: Customer Saved Successfully !!!
2024-10-14 17:43:27 [http-nio-8080-exec-2] INFO  l.i.p.controller.CustomerController - From Customer: Customer Get Successfully !!!
2024-10-14 17:43:27 [http-nio-8080-exec-3] INFO  l.i.p.controller.CustomerController - From Customer: Customer Get Successfully !!!
2024-10-14 17:43:27 [http-nio-8080-exec-5] INFO  l.i.p.controller.CustomerController - From Customer: Customer Get Successfully !!!
2024-10-14 17:43:59 [http-nio-8080-exec-8] INFO  l.i.p.controller.CustomerController - From Customer: Customer Saved Successfully !!!
2024-10-14 17:43:59 [http-nio-8080-exec-10] INFO  l.i.p.controller.CustomerController - From Customer: Customer Get Successfully !!!
2024-10-14 17:43:59 [http-nio-8080-exec-9] INFO  l.i.p.controller.CustomerController - From Customer: Customer Get Successfully !!!
2024-10-14 17:43:59 [http-nio-8080-exec-4] INFO  l.i.p.controller.CustomerController - From Customer: Customer Get Successfully !!!
2024-10-14 17:44:22 [http-nio-8080-exec-3] INFO  l.i.p.controller.CustomerController - From Customer: Customer Get Successfully !!!
2024-10-15 11:18:14 [http-nio-8080-exec-9] INFO  l.i.p.controller.ItemController - From Item: Item Get Successfully !!!
2024-10-15 11:18:14 [http-nio-8080-exec-5] INFO  l.i.p.controller.CustomerController - From Customer: Customer Get Successfully !!!
2024-10-15 11:18:17 [http-nio-8080-exec-10] INFO  l.i.p.controller.OrderController - From Order: Order Get Successfully !!!
2024-10-15 11:18:17 [http-nio-8080-exec-1] INFO  l.i.p.controller.CustomerController - From Customer: Customer Get Successfully !!!
2024-10-15 11:18:17 [http-nio-8080-exec-2] INFO  l.i.p.controller.ItemController - From Item: Item Get Successfully !!!
2024-10-15 11:18:18 [http-nio-8080-exec-6] INFO  l.i.p.controller.ItemController - From Item: Item Get Successfully !!!
2024-10-15 11:18:18 [http-nio-8080-exec-8] INFO  l.i.p.controller.CustomerController - From Customer: Customer Get Successfully !!!
2024-10-15 11:18:18 [http-nio-8080-exec-9] INFO  l.i.p.controller.CustomerController - From Customer: Customer Get Successfully !!!
2024-10-15 11:18:50 [http-nio-8080-exec-10] INFO  l.i.p.controller.CustomerController - From Customer: Customer Updated Successfully !!!
2024-10-15 11:18:50 [http-nio-8080-exec-3] INFO  l.i.p.controller.CustomerController - From Customer: Customer Get Successfully !!!
2024-10-15 11:18:50 [http-nio-8080-exec-7] INFO  l.i.p.controller.CustomerController - From Customer: Customer Get Successfully !!!
2024-10-15 11:18:50 [http-nio-8080-exec-4] INFO  l.i.p.controller.CustomerController - From Customer: Customer Get Successfully !!!
2024-10-15 11:21:30 [http-nio-8080-exec-5] INFO  l.i.p.controller.CustomerController - From Customer: Customer Deleted Successfully !!!
2024-10-15 11:21:30 [http-nio-8080-exec-2] INFO  l.i.p.controller.CustomerController - From Customer: Customer Get Successfully !!!
2024-10-15 11:21:30 [http-nio-8080-exec-10] INFO  l.i.p.controller.CustomerController - From Customer: Customer Get Successfully !!!
2024-10-15 11:21:30 [http-nio-8080-exec-6] INFO  l.i.p.controller.CustomerController - From Customer: Customer Get Successfully !!!
2024-10-15 11:23:38 [http-nio-8080-exec-1] INFO  l.i.p.controller.CustomerController - From Customer: Customer Deleted Successfully !!!
2024-10-15 11:23:38 [http-nio-8080-exec-3] INFO  l.i.p.controller.CustomerController - From Customer: Customer Get Successfully !!!
2024-10-15 11:23:38 [http-nio-8080-exec-2] INFO  l.i.p.controller.CustomerController - From Customer: Customer Get Successfully !!!
2024-10-15 11:23:38 [http-nio-8080-exec-4] INFO  l.i.p.controller.CustomerController - From Customer: Customer Get Successfully !!!
2024-10-15 11:24:00 [http-nio-8080-exec-7] INFO  l.i.p.controller.CustomerController - From Customer: Customer Saved Successfully !!!
2024-10-15 11:24:00 [http-nio-8080-exec-8] INFO  l.i.p.controller.CustomerController - From Customer: Customer Get Successfully !!!
2024-10-15 11:24:00 [http-nio-8080-exec-9] INFO  l.i.p.controller.CustomerController - From Customer: Customer Get Successfully !!!
2024-10-15 11:24:00 [http-nio-8080-exec-10] INFO  l.i.p.controller.CustomerController - From Customer: Customer Get Successfully !!!
2024-10-15 11:24:52 [http-nio-8080-exec-2] INFO  l.i.p.controller.CustomerController - From Customer: Customer Updated Successfully !!!
2024-10-15 11:24:52 [http-nio-8080-exec-4] INFO  l.i.p.controller.CustomerController - From Customer: Customer Get Successfully !!!
2024-10-15 11:24:52 [http-nio-8080-exec-6] INFO  l.i.p.controller.CustomerController - From Customer: Customer Get Successfully !!!
2024-10-15 11:24:52 [http-nio-8080-exec-5] INFO  l.i.p.controller.CustomerController - From Customer: Customer Get Successfully !!!
2024-10-15 11:31:21 [http-nio-8080-exec-1] INFO  l.i.p.controller.ItemController - From Item: Item Get Successfully !!!
2024-10-15 11:31:21 [http-nio-8080-exec-4] INFO  l.i.p.controller.CustomerController - From Customer: Customer Get Successfully !!!
2024-10-15 11:31:22 [http-nio-8080-exec-2] INFO  l.i.p.controller.OrderController - From Order: Order Get Successfully !!!
2024-10-15 11:31:22 [http-nio-8080-exec-2] INFO  l.i.p.controller.ItemController - From Item: Item Get Successfully !!!
2024-10-15 11:31:22 [http-nio-8080-exec-8] INFO  l.i.p.controller.CustomerController - From Customer: Customer Get Successfully !!!
2024-10-15 11:31:22 [http-nio-8080-exec-5] INFO  l.i.p.controller.CustomerController - From Customer: Customer Get Successfully !!!
2024-10-15 11:31:22 [http-nio-8080-exec-6] INFO  l.i.p.controller.ItemController - From Item: Item Get Successfully !!!
2024-10-15 11:31:22 [http-nio-8080-exec-5] INFO  l.i.p.controller.CustomerController - From Customer: Customer Get Successfully !!!
2024-10-15 11:55:32 [http-nio-8080-exec-4] INFO  l.i.p.controller.CustomerController - From Customer: Customer Updated Successfully !!!
2024-10-15 11:55:32 [http-nio-8080-exec-3] INFO  l.i.p.controller.CustomerController - From Customer: Customer Get Successfully !!!
2024-10-15 11:55:32 [http-nio-8080-exec-7] INFO  l.i.p.controller.CustomerController - From Customer: Customer Get Successfully !!!
2024-10-15 11:55:33 [http-nio-8080-exec-8] INFO  l.i.p.controller.CustomerController - From Customer: Customer Get Successfully !!!
2024-10-15 12:02:58 [http-nio-8080-exec-6] INFO  l.i.p.controller.ItemController - From Item: Item Get Successfully !!!
2024-10-15 12:02:58 [http-nio-8080-exec-4] INFO  l.i.p.controller.CustomerController - From Customer: Customer Get Successfully !!!
2024-10-15 12:02:59 [http-nio-8080-exec-7] INFO  l.i.p.controller.OrderController - From Order: Order Get Successfully !!!
2024-10-15 12:02:59 [http-nio-8080-exec-9] INFO  l.i.p.controller.ItemController - From Item: Item Get Successfully !!!
2024-10-15 12:02:59 [http-nio-8080-exec-5] INFO  l.i.p.controller.ItemController - From Item: Item Get Successfully !!!
2024-10-15 12:02:59 [http-nio-8080-exec-3] INFO  l.i.p.controller.CustomerController - From Customer: Customer Get Successfully !!!
2024-10-15 12:03:00 [http-nio-8080-exec-2] INFO  l.i.p.controller.CustomerController - From Customer: Customer Get Successfully !!!
2024-10-15 12:03:01 [http-nio-8080-exec-10] INFO  l.i.p.controller.CustomerController - From Customer: Customer Get Successfully !!!
2024-10-15 12:03:24 [http-nio-8080-exec-9] INFO  l.i.p.controller.ItemController - From Item: Item Saved Successfully !!!
2024-10-15 12:03:25 [http-nio-8080-exec-4] INFO  l.i.p.controller.ItemController - From Item: Item Get Successfully !!!
2024-10-15 12:03:25 [http-nio-8080-exec-5] INFO  l.i.p.controller.ItemController - From Item: Item Get Successfully !!!
2024-10-15 12:03:25 [http-nio-8080-exec-3] INFO  l.i.p.controller.ItemController - From Item: Item Get Successfully !!!
2024-10-15 12:03:57 [http-nio-8080-exec-1] INFO  l.i.p.controller.ItemController - From Item: Item Get Successfully !!!
2024-10-15 12:03:57 [http-nio-8080-exec-8] INFO  l.i.p.controller.CustomerController - From Customer: Customer Get Successfully !!!
2024-10-15 12:03:57 [http-nio-8080-exec-6] INFO  l.i.p.controller.OrderController - From Order: Order Get Successfully !!!
2024-10-15 12:03:57 [http-nio-8080-exec-7] INFO  l.i.p.controller.CustomerController - From Customer: Customer Get Successfully !!!
2024-10-15 12:03:58 [http-nio-8080-exec-9] INFO  l.i.p.controller.CustomerController - From Customer: Customer Get Successfully !!!
2024-10-15 12:03:58 [http-nio-8080-exec-4] INFO  l.i.p.controller.ItemController - From Item: Item Get Successfully !!!
2024-10-15 12:03:58 [http-nio-8080-exec-5] INFO  l.i.p.controller.CustomerController - From Customer: Customer Get Successfully !!!
2024-10-15 12:03:58 [http-nio-8080-exec-3] INFO  l.i.p.controller.ItemController - From Item: Item Get Successfully !!!
2024-10-15 12:04:20 [http-nio-8080-exec-8] INFO  l.i.p.controller.ItemController - From Item: Item Get Successfully !!!
2024-10-15 12:06:15 [http-nio-8080-exec-1] INFO  l.i.p.controller.ItemController - From Item: Item Get Successfully !!!
2024-10-15 12:06:15 [http-nio-8080-exec-9] INFO  l.i.p.controller.CustomerController - From Customer: Customer Get Successfully !!!
2024-10-15 12:06:16 [http-nio-8080-exec-2] INFO  l.i.p.controller.CustomerController - From Customer: Customer Get Successfully !!!
2024-10-15 12:06:16 [http-nio-8080-exec-4] INFO  l.i.p.controller.OrderController - From Order: Order Get Successfully !!!
2024-10-15 12:06:16 [http-nio-8080-exec-3] INFO  l.i.p.controller.ItemController - From Item: Item Get Successfully !!!
2024-10-15 12:06:16 [http-nio-8080-exec-5] INFO  l.i.p.controller.ItemController - From Item: Item Get Successfully !!!
2024-10-15 12:06:16 [http-nio-8080-exec-6] INFO  l.i.p.controller.CustomerController - From Customer: Customer Get Successfully !!!
2024-10-15 12:06:17 [http-nio-8080-exec-10] INFO  l.i.p.controller.CustomerController - From Customer: Customer Get Successfully !!!
2024-10-15 12:06:56 [http-nio-8080-exec-3] INFO  l.i.p.controller.ItemController - From Item: Item Saved Successfully !!!
2024-10-15 12:06:56 [http-nio-8080-exec-2] INFO  l.i.p.controller.ItemController - From Item: Item Get Successfully !!!
2024-10-15 12:06:56 [http-nio-8080-exec-6] INFO  l.i.p.controller.ItemController - From Item: Item Get Successfully !!!
2024-10-15 12:06:56 [http-nio-8080-exec-5] INFO  l.i.p.controller.ItemController - From Item: Item Get Successfully !!!
2024-10-15 12:07:16 [http-nio-8080-exec-1] INFO  l.i.p.controller.ItemController - From Item: Item Get Successfully !!!
2024-10-15 12:07:58 [http-nio-8080-exec-9] INFO  l.i.p.controller.ItemController - From Item: Item Get Successfully !!!
2024-10-15 12:08:06 [http-nio-8080-exec-3] INFO  l.i.p.controller.ItemController - From Item: Item Get Successfully !!!
2024-10-15 12:08:48 [http-nio-8080-exec-6] INFO  l.i.p.controller.ItemController - From Item: Item Get Successfully !!!
2024-10-15 12:08:48 [http-nio-8080-exec-5] INFO  l.i.p.controller.CustomerController - From Customer: Customer Get Successfully !!!
2024-10-15 12:08:48 [http-nio-8080-exec-7] INFO  l.i.p.controller.CustomerController - From Customer: Customer Get Successfully !!!
2024-10-15 12:08:48 [http-nio-8080-exec-10] INFO  l.i.p.controller.OrderController - From Order: Order Get Successfully !!!
2024-10-15 12:08:48 [http-nio-8080-exec-1] INFO  l.i.p.controller.ItemController - From Item: Item Get Successfully !!!
2024-10-15 12:08:48 [http-nio-8080-exec-4] INFO  l.i.p.controller.CustomerController - From Customer: Customer Get Successfully !!!
2024-10-15 12:08:48 [http-nio-8080-exec-9] INFO  l.i.p.controller.ItemController - From Item: Item Get Successfully !!!
2024-10-15 12:08:49 [http-nio-8080-exec-8] INFO  l.i.p.controller.CustomerController - From Customer: Customer Get Successfully !!!
2024-10-15 12:08:58 [http-nio-8080-exec-6] INFO  l.i.p.controller.ItemController - From Item: Item Get Successfully !!!
2024-10-15 12:09:18 [http-nio-8080-exec-1] INFO  l.i.p.controller.ItemController - From Item: Item Get Successfully !!!
2024-10-15 12:10:26 [http-nio-8080-exec-4] INFO  l.i.p.controller.ItemController - From Item: Item Get Successfully !!!
2024-10-15 12:10:26 [http-nio-8080-exec-8] INFO  l.i.p.controller.CustomerController - From Customer: Customer Get Successfully !!!
2024-10-15 12:10:26 [http-nio-8080-exec-5] INFO  l.i.p.controller.ItemController - From Item: Item Get Successfully !!!
2024-10-15 12:10:26 [http-nio-8080-exec-10] INFO  l.i.p.controller.OrderController - From Order: Order Get Successfully !!!
2024-10-15 12:10:26 [http-nio-8080-exec-3] INFO  l.i.p.controller.ItemController - From Item: Item Get Successfully !!!
2024-10-15 12:10:26 [http-nio-8080-exec-2] INFO  l.i.p.controller.CustomerController - From Customer: Customer Get Successfully !!!
2024-10-15 12:10:27 [http-nio-8080-exec-6] INFO  l.i.p.controller.CustomerController - From Customer: Customer Get Successfully !!!
2024-10-15 12:10:27 [http-nio-8080-exec-7] INFO  l.i.p.controller.CustomerController - From Customer: Customer Get Successfully !!!
2024-10-15 12:10:33 [http-nio-8080-exec-1] INFO  l.i.p.controller.ItemController - From Item: Item Get Successfully !!!
2024-10-15 12:10:45 [http-nio-8080-exec-8] INFO  l.i.p.controller.ItemController - From Item: Item Get Successfully !!!
2024-10-15 12:10:49 [http-nio-8080-exec-3] INFO  l.i.p.controller.ItemController - From Item: Item Get Successfully !!!
2024-10-15 12:11:01 [http-nio-8080-exec-6] INFO  l.i.p.controller.ItemController - From Item: Item Get Successfully !!!
2024-10-15 12:12:25 [http-nio-8080-exec-1] INFO  l.i.p.controller.ItemController - From Item: Item Get Successfully !!!
2024-10-15 12:12:25 [http-nio-8080-exec-10] INFO  l.i.p.controller.CustomerController - From Customer: Customer Get Successfully !!!
2024-10-15 12:12:26 [http-nio-8080-exec-9] INFO  l.i.p.controller.OrderController - From Order: Order Get Successfully !!!
2024-10-15 12:12:26 [http-nio-8080-exec-5] INFO  l.i.p.controller.CustomerController - From Customer: Customer Get Successfully !!!
2024-10-15 12:12:26 [http-nio-8080-exec-4] INFO  l.i.p.controller.ItemController - From Item: Item Get Successfully !!!
2024-10-15 12:12:26 [http-nio-8080-exec-8] INFO  l.i.p.controller.ItemController - From Item: Item Get Successfully !!!
2024-10-15 12:12:26 [http-nio-8080-exec-3] INFO  l.i.p.controller.CustomerController - From Customer: Customer Get Successfully !!!
2024-10-15 12:12:26 [http-nio-8080-exec-2] INFO  l.i.p.controller.CustomerController - From Customer: Customer Get Successfully !!!
2024-10-15 12:12:33 [http-nio-8080-exec-6] INFO  l.i.p.controller.ItemController - From Item: Item Get Successfully !!!
2024-10-15 12:12:37 [http-nio-8080-exec-5] INFO  l.i.p.controller.ItemController - From Item: Item Get Successfully !!!
2024-10-15 12:12:41 [http-nio-8080-exec-8] INFO  l.i.p.controller.ItemController - From Item: Item Get Successfully !!!
2024-10-15 12:12:44 [http-nio-8080-exec-2] INFO  l.i.p.controller.ItemController - From Item: Item Get Successfully !!!
2024-10-15 12:12:47 [http-nio-8080-exec-6] INFO  l.i.p.controller.ItemController - From Item: Item Get Successfully !!!
2024-10-15 12:12:56 [http-nio-8080-exec-4] INFO  l.i.p.controller.ItemController - From Item: Item Get Successfully !!!
2024-10-15 12:24:06 [http-nio-8080-exec-1] INFO  l.i.p.controller.ItemController - From Item: Item Get Successfully !!!
2024-10-15 12:24:43 [http-nio-8080-exec-5] INFO  l.i.p.controller.ItemController - From Item: Item Get Successfully !!!
2024-10-15 12:24:43 [http-nio-8080-exec-6] INFO  l.i.p.controller.CustomerController - From Customer: Customer Get Successfully !!!
2024-10-15 12:24:44 [http-nio-8080-exec-2] INFO  l.i.p.controller.ItemController - From Item: Item Get Successfully !!!
2024-10-15 12:24:45 [http-nio-8080-exec-8] INFO  l.i.p.controller.OrderController - From Order: Order Get Successfully !!!
2024-10-15 12:24:45 [http-nio-8080-exec-7] INFO  l.i.p.controller.CustomerController - From Customer: Customer Get Successfully !!!
2024-10-15 12:24:45 [http-nio-8080-exec-10] INFO  l.i.p.controller.ItemController - From Item: Item Get Successfully !!!
2024-10-15 12:24:45 [http-nio-8080-exec-3] INFO  l.i.p.controller.CustomerController - From Customer: Customer Get Successfully !!!
2024-10-15 12:24:45 [http-nio-8080-exec-9] INFO  l.i.p.controller.CustomerController - From Customer: Customer Get Successfully !!!
2024-10-15 12:25:46 [http-nio-8080-exec-2] INFO  l.i.p.controller.ItemController - From Item: Item Updated Successfully !!!
2024-10-15 12:25:46 [http-nio-8080-exec-7] INFO  l.i.p.controller.ItemController - From Item: Item Get Successfully !!!
2024-10-15 12:25:46 [http-nio-8080-exec-10] INFO  l.i.p.controller.ItemController - From Item: Item Get Successfully !!!
2024-10-15 12:25:47 [http-nio-8080-exec-3] INFO  l.i.p.controller.ItemController - From Item: Item Get Successfully !!!
2024-10-15 12:26:22 [http-nio-8080-exec-1] INFO  l.i.p.controller.ItemController - From Item: Item Updated Successfully !!!
2024-10-15 12:26:22 [http-nio-8080-exec-6] INFO  l.i.p.controller.ItemController - From Item: Item Get Successfully !!!
2024-10-15 12:26:23 [http-nio-8080-exec-8] INFO  l.i.p.controller.ItemController - From Item: Item Get Successfully !!!
2024-10-15 12:26:23 [http-nio-8080-exec-2] INFO  l.i.p.controller.ItemController - From Item: Item Get Successfully !!!
2024-10-15 12:30:42 [http-nio-8080-exec-5] INFO  l.i.p.controller.ItemController - From Item: Item Get Successfully !!!
2024-10-15 12:30:42 [http-nio-8080-exec-8] INFO  l.i.p.controller.CustomerController - From Customer: Customer Get Successfully !!!
2024-10-15 12:30:42 [http-nio-8080-exec-2] INFO  l.i.p.controller.OrderController - From Order: Order Get Successfully !!!
2024-10-15 12:30:42 [http-nio-8080-exec-7] INFO  l.i.p.controller.ItemController - From Item: Item Get Successfully !!!
2024-10-15 12:30:42 [http-nio-8080-exec-9] INFO  l.i.p.controller.CustomerController - From Customer: Customer Get Successfully !!!
2024-10-15 12:30:43 [http-nio-8080-exec-10] INFO  l.i.p.controller.ItemController - From Item: Item Get Successfully !!!
2024-10-15 12:30:43 [http-nio-8080-exec-6] INFO  l.i.p.controller.CustomerController - From Customer: Customer Get Successfully !!!
2024-10-15 12:30:43 [http-nio-8080-exec-3] INFO  l.i.p.controller.CustomerController - From Customer: Customer Get Successfully !!!
2024-10-15 12:30:56 [http-nio-8080-exec-10] INFO  l.i.p.controller.ItemController - From Item: Item Deleted Successfully !!!
2024-10-15 12:30:56 [http-nio-8080-exec-6] INFO  l.i.p.controller.ItemController - From Item: Item Get Successfully !!!
2024-10-15 12:30:56 [http-nio-8080-exec-3] INFO  l.i.p.controller.ItemController - From Item: Item Get Successfully !!!
2024-10-15 12:30:57 [http-nio-8080-exec-1] INFO  l.i.p.controller.ItemController - From Item: Item Get Successfully !!!
2024-10-15 12:31:03 [http-nio-8080-exec-2] INFO  l.i.p.controller.ItemController - From Item: Item Get Successfully !!!
2024-10-15 12:31:03 [http-nio-8080-exec-8] INFO  l.i.p.controller.CustomerController - From Customer: Customer Get Successfully !!!
2024-10-15 12:31:03 [http-nio-8080-exec-7] INFO  l.i.p.controller.CustomerController - From Customer: Customer Get Successfully !!!
2024-10-15 12:31:03 [http-nio-8080-exec-4] INFO  l.i.p.controller.OrderController - From Order: Order Get Successfully !!!
2024-10-15 12:31:03 [http-nio-8080-exec-5] INFO  l.i.p.controller.ItemController - From Item: Item Get Successfully !!!
2024-10-15 12:31:04 [http-nio-8080-exec-9] INFO  l.i.p.controller.CustomerController - From Customer: Customer Get Successfully !!!
2024-10-15 12:31:04 [http-nio-8080-exec-10] INFO  l.i.p.controller.ItemController - From Item: Item Get Successfully !!!
2024-10-15 12:31:04 [http-nio-8080-exec-6] INFO  l.i.p.controller.CustomerController - From Customer: Customer Get Successfully !!!
2024-10-15 12:31:37 [http-nio-8080-exec-2] INFO  l.i.p.controller.ItemController - From Item: Item Get Successfully !!!
2024-10-15 12:31:37 [http-nio-8080-exec-7] INFO  l.i.p.controller.CustomerController - From Customer: Customer Get Successfully !!!
2024-10-15 12:31:37 [http-nio-8080-exec-9] INFO  l.i.p.controller.ItemController - From Item: Item Get Successfully !!!
2024-10-15 12:31:37 [http-nio-8080-exec-10] INFO  l.i.p.controller.CustomerController - From Customer: Customer Get Successfully !!!
2024-10-15 12:31:37 [http-nio-8080-exec-6] INFO  l.i.p.controller.ItemController - From Item: Item Get Successfully !!!
2024-10-15 12:31:37 [http-nio-8080-exec-5] INFO  l.i.p.controller.OrderController - From Order: Order Get Successfully !!!
2024-10-15 12:31:38 [http-nio-8080-exec-4] INFO  l.i.p.controller.CustomerController - From Customer: Customer Get Successfully !!!
2024-10-15 12:31:38 [http-nio-8080-exec-8] INFO  l.i.p.controller.CustomerController - From Customer: Customer Get Successfully !!!
2024-10-15 12:32:43 [http-nio-8080-exec-2] INFO  l.i.p.controller.CustomerController - From Customer: Customer Get Successfully !!!
2024-10-15 12:32:43 [http-nio-8080-exec-1] INFO  l.i.p.controller.ItemController - From Item: Item Get Successfully !!!
2024-10-15 12:32:44 [http-nio-8080-exec-3] INFO  l.i.p.controller.OrderController - From Order: Order Get Successfully !!!
2024-10-15 12:32:44 [http-nio-8080-exec-4] INFO  l.i.p.controller.CustomerController - From Customer: Customer Get Successfully !!!
2024-10-15 12:32:44 [http-nio-8080-exec-5] INFO  l.i.p.controller.ItemController - From Item: Item Get Successfully !!!
2024-10-15 12:32:44 [http-nio-8080-exec-7] INFO  l.i.p.controller.ItemController - From Item: Item Get Successfully !!!
2024-10-15 12:32:44 [http-nio-8080-exec-6] INFO  l.i.p.controller.CustomerController - From Customer: Customer Get Successfully !!!
2024-10-15 12:32:44 [http-nio-8080-exec-8] INFO  l.i.p.controller.CustomerController - From Customer: Customer Get Successfully !!!
2024-10-15 12:35:02 [http-nio-8080-exec-4] INFO  l.i.p.controller.ItemController - From Item: Item Get Successfully !!!
2024-10-15 12:35:27 [http-nio-8080-exec-6] INFO  l.i.p.controller.ItemController - From Item: Item Saved Successfully !!!
2024-10-15 12:35:27 [http-nio-8080-exec-7] INFO  l.i.p.controller.ItemController - From Item: Item Get Successfully !!!
2024-10-15 12:35:27 [http-nio-8080-exec-8] INFO  l.i.p.controller.ItemController - From Item: Item Get Successfully !!!
2024-10-15 12:35:27 [http-nio-8080-exec-3] INFO  l.i.p.controller.ItemController - From Item: Item Get Successfully !!!
2024-10-15 12:36:23 [http-nio-8080-exec-10] INFO  l.i.p.controller.ItemController - From Item: Item Saved Successfully !!!
2024-10-15 12:36:23 [http-nio-8080-exec-2] INFO  l.i.p.controller.ItemController - From Item: Item Get Successfully !!!
2024-10-15 12:36:23 [http-nio-8080-exec-4] INFO  l.i.p.controller.ItemController - From Item: Item Get Successfully !!!
2024-10-15 12:36:23 [http-nio-8080-exec-5] INFO  l.i.p.controller.ItemController - From Item: Item Get Successfully !!!
2024-10-15 12:36:57 [http-nio-8080-exec-8] INFO  l.i.p.controller.CustomerController - From Customer: Customer Saved Successfully !!!
2024-10-15 12:36:57 [http-nio-8080-exec-3] INFO  l.i.p.controller.CustomerController - From Customer: Customer Get Successfully !!!
2024-10-15 12:36:57 [http-nio-8080-exec-1] INFO  l.i.p.controller.CustomerController - From Customer: Customer Get Successfully !!!
2024-10-15 12:36:57 [http-nio-8080-exec-9] INFO  l.i.p.controller.CustomerController - From Customer: Customer Get Successfully !!!
2024-10-15 12:37:14 [http-nio-8080-exec-4] INFO  l.i.p.controller.CustomerController - From Customer: Customer Saved Successfully !!!
2024-10-15 12:37:14 [http-nio-8080-exec-5] INFO  l.i.p.controller.CustomerController - From Customer: Customer Get Successfully !!!
2024-10-15 12:37:14 [http-nio-8080-exec-7] INFO  l.i.p.controller.CustomerController - From Customer: Customer Get Successfully !!!
2024-10-15 12:37:15 [http-nio-8080-exec-6] INFO  l.i.p.controller.CustomerController - From Customer: Customer Get Successfully !!!
2024-10-15 12:39:00 [http-nio-8080-exec-9] INFO  l.i.p.controller.CustomerController - From Customer: Customer Deleted Successfully !!!
2024-10-15 12:39:00 [http-nio-8080-exec-10] INFO  l.i.p.controller.CustomerController - From Customer: Customer Get Successfully !!!
2024-10-15 12:39:00 [http-nio-8080-exec-2] INFO  l.i.p.controller.CustomerController - From Customer: Customer Get Successfully !!!
2024-10-15 12:39:00 [http-nio-8080-exec-4] INFO  l.i.p.controller.CustomerController - From Customer: Customer Get Successfully !!!
2024-10-15 12:39:09 [http-nio-8080-exec-8] INFO  l.i.p.controller.CustomerController - From Customer: Customer Deleted Successfully !!!
2024-10-15 12:39:09 [http-nio-8080-exec-3] INFO  l.i.p.controller.CustomerController - From Customer: Customer Get Successfully !!!
2024-10-15 12:39:09 [http-nio-8080-exec-1] INFO  l.i.p.controller.CustomerController - From Customer: Customer Get Successfully !!!
2024-10-15 12:39:09 [http-nio-8080-exec-9] INFO  l.i.p.controller.CustomerController - From Customer: Customer Get Successfully !!!
2024-10-15 12:39:29 [http-nio-8080-exec-4] INFO  l.i.p.controller.CustomerController - From Customer: Customer Saved Successfully !!!
2024-10-15 12:39:29 [http-nio-8080-exec-7] INFO  l.i.p.controller.CustomerController - From Customer: Customer Get Successfully !!!
2024-10-15 12:39:30 [http-nio-8080-exec-5] INFO  l.i.p.controller.CustomerController - From Customer: Customer Get Successfully !!!
2024-10-15 12:39:30 [http-nio-8080-exec-6] INFO  l.i.p.controller.CustomerController - From Customer: Customer Get Successfully !!!
2024-10-15 12:39:36 [http-nio-8080-exec-8] INFO  l.i.p.controller.CustomerController - From Customer: Customer Deleted Successfully !!!
2024-10-15 12:39:36 [http-nio-8080-exec-3] INFO  l.i.p.controller.CustomerController - From Customer: Customer Get Successfully !!!
2024-10-15 12:39:36 [http-nio-8080-exec-1] INFO  l.i.p.controller.CustomerController - From Customer: Customer Get Successfully !!!
2024-10-15 12:39:36 [http-nio-8080-exec-9] INFO  l.i.p.controller.CustomerController - From Customer: Customer Get Successfully !!!
2024-10-15 12:49:49 [http-nio-8080-exec-5] INFO  l.i.p.controller.CustomerController - From Customer: Customer Get Successfully !!!
2024-10-15 12:49:49 [http-nio-8080-exec-7] INFO  l.i.p.controller.ItemController - From Item: Item Get Successfully !!!
2024-10-15 12:49:49 [http-nio-8080-exec-8] INFO  l.i.p.controller.ItemController - From Item: Item Get Successfully !!!
2024-10-15 12:49:49 [http-nio-8080-exec-3] INFO  l.i.p.controller.CustomerController - From Customer: Customer Get Successfully !!!
2024-10-15 12:49:49 [http-nio-8080-exec-6] INFO  l.i.p.controller.OrderController - From Order: Order Get Successfully !!!
2024-10-15 12:49:49 [http-nio-8080-exec-1] INFO  l.i.p.controller.CustomerController - From Customer: Customer Get Successfully !!!
2024-10-15 12:49:49 [http-nio-8080-exec-9] INFO  l.i.p.controller.ItemController - From Item: Item Get Successfully !!!
2024-10-15 12:49:50 [http-nio-8080-exec-10] INFO  l.i.p.controller.CustomerController - From Customer: Customer Get Successfully !!!
2024-10-15 12:50:43 [http-nio-8080-exec-3] INFO  l.i.p.controller.CustomerController - From Customer: Customer Saved Successfully !!!
2024-10-15 12:50:43 [http-nio-8080-exec-8] INFO  l.i.p.controller.CustomerController - From Customer: Customer Get Successfully !!!
2024-10-15 12:50:43 [http-nio-8080-exec-1] INFO  l.i.p.controller.CustomerController - From Customer: Customer Get Successfully !!!
2024-10-15 12:50:43 [http-nio-8080-exec-9] INFO  l.i.p.controller.CustomerController - From Customer: Customer Get Successfully !!!
2024-10-15 12:56:56 [http-nio-8080-exec-2] INFO  l.i.p.controller.ItemController - From Item: Item Get Successfully !!!
2024-10-15 12:56:56 [http-nio-8080-exec-5] INFO  l.i.p.controller.CustomerController - From Customer: Customer Get Successfully !!!
2024-10-15 12:56:57 [http-nio-8080-exec-7] INFO  l.i.p.controller.OrderController - From Order: Order Get Successfully !!!
2024-10-15 12:56:57 [http-nio-8080-exec-6] INFO  l.i.p.controller.ItemController - From Item: Item Get Successfully !!!
2024-10-15 12:56:57 [http-nio-8080-exec-3] INFO  l.i.p.controller.CustomerController - From Customer: Customer Get Successfully !!!
2024-10-15 12:56:57 [http-nio-8080-exec-8] INFO  l.i.p.controller.CustomerController - From Customer: Customer Get Successfully !!!
2024-10-15 12:56:57 [http-nio-8080-exec-1] INFO  l.i.p.controller.CustomerController - From Customer: Customer Get Successfully !!!
2024-10-15 12:56:57 [http-nio-8080-exec-9] INFO  l.i.p.controller.ItemController - From Item: Item Get Successfully !!!
2024-10-15 12:57:17 [http-nio-8080-exec-5] INFO  l.i.p.controller.ItemController - From Item: Item Deleted Successfully !!!
2024-10-15 12:57:17 [http-nio-8080-exec-3] INFO  l.i.p.controller.ItemController - From Item: Item Get Successfully !!!
2024-10-15 12:57:17 [http-nio-8080-exec-8] INFO  l.i.p.controller.ItemController - From Item: Item Get Successfully !!!
2024-10-15 12:57:17 [http-nio-8080-exec-1] INFO  l.i.p.controller.ItemController - From Item: Item Get Successfully !!!
2024-10-15 13:00:32 [http-nio-8080-exec-2] INFO  l.i.p.controller.CustomerController - From Customer: Customer Get Successfully !!!
2024-10-15 13:00:32 [http-nio-8080-exec-1] INFO  l.i.p.controller.ItemController - From Item: Item Get Successfully !!!
2024-10-15 13:00:33 [http-nio-8080-exec-3] INFO  l.i.p.controller.OrderController - From Order: Order Get Successfully !!!
2024-10-15 13:00:33 [http-nio-8080-exec-4] INFO  l.i.p.controller.ItemController - From Item: Item Get Successfully !!!
2024-10-15 13:00:33 [http-nio-8080-exec-5] INFO  l.i.p.controller.CustomerController - From Customer: Customer Get Successfully !!!
2024-10-15 13:00:34 [http-nio-8080-exec-8] INFO  l.i.p.controller.CustomerController - From Customer: Customer Get Successfully !!!
2024-10-15 13:00:34 [http-nio-8080-exec-7] INFO  l.i.p.controller.ItemController - From Item: Item Get Successfully !!!
2024-10-15 13:00:34 [http-nio-8080-exec-6] INFO  l.i.p.controller.CustomerController - From Customer: Customer Get Successfully !!!
2024-10-15 13:00:42 [http-nio-8080-exec-2] INFO  l.i.p.controller.ItemController - From Item: Item Deleted Successfully !!!
2024-10-15 13:00:42 [http-nio-8080-exec-5] INFO  l.i.p.controller.ItemController - From Item: Item Get Successfully !!!
2024-10-15 13:00:42 [http-nio-8080-exec-4] INFO  l.i.p.controller.ItemController - From Item: Item Get Successfully !!!
2024-10-15 13:00:42 [http-nio-8080-exec-8] INFO  l.i.p.controller.ItemController - From Item: Item Get Successfully !!!
2024-10-15 13:01:37 [http-nio-8080-exec-9] INFO  l.i.p.controller.ItemController - From Item: Item Updated Successfully !!!
2024-10-15 13:01:37 [http-nio-8080-exec-10] INFO  l.i.p.controller.ItemController - From Item: Item Get Successfully !!!
2024-10-15 13:01:37 [http-nio-8080-exec-1] INFO  l.i.p.controller.ItemController - From Item: Item Get Successfully !!!
2024-10-15 13:01:37 [http-nio-8080-exec-2] INFO  l.i.p.controller.ItemController - From Item: Item Get Successfully !!!
2024-10-15 13:02:05 [http-nio-8080-exec-8] INFO  l.i.p.controller.ItemController - From Item: Item Get Successfully !!!
2024-10-15 13:02:13 [http-nio-8080-exec-7] INFO  l.i.p.controller.ItemController - From Item: Item Get Successfully !!!
2024-10-15 13:02:30 [http-nio-8080-exec-3] INFO  l.i.p.controller.ItemController - From Item: Item Get Successfully !!!
2024-10-15 13:02:35 [http-nio-8080-exec-10] INFO  l.i.p.controller.ItemController - From Item: Item Get Successfully !!!
2024-10-15 13:02:45 [http-nio-8080-exec-2] INFO  l.i.p.controller.ItemController - From Item: Item Get Successfully !!!
2024-10-15 13:07:55 [http-nio-8080-exec-2] INFO  l.i.p.controller.ItemController - From Item: Item Get Successfully !!!
2024-10-15 13:07:55 [http-nio-8080-exec-5] INFO  l.i.p.controller.CustomerController - From Customer: Customer Get Successfully !!!
2024-10-15 13:07:55 [http-nio-8080-exec-4] INFO  l.i.p.controller.CustomerController - From Customer: Customer Get Successfully !!!
2024-10-15 13:07:55 [http-nio-8080-exec-7] INFO  l.i.p.controller.CustomerController - From Customer: Customer Get Successfully !!!
2024-10-15 13:07:55 [http-nio-8080-exec-8] INFO  l.i.p.controller.ItemController - From Item: Item Get Successfully !!!
2024-10-15 13:07:55 [http-nio-8080-exec-6] INFO  l.i.p.controller.ItemController - From Item: Item Get Successfully !!!
2024-10-15 13:07:55 [http-nio-8080-exec-3] INFO  l.i.p.controller.CustomerController - From Customer: Customer Get Successfully !!!
2024-10-15 13:07:55 [http-nio-8080-exec-1] INFO  l.i.p.controller.OrderController - From Order: Order Get Successfully !!!
2024-10-15 13:09:49 [http-nio-8080-exec-7] INFO  l.i.p.controller.ItemController - From Item: Item Get Successfully !!!
2024-10-15 13:09:49 [http-nio-8080-exec-1] INFO  l.i.p.controller.CustomerController - From Customer: Customer Get Successfully !!!
2024-10-15 13:09:49 [http-nio-8080-exec-3] INFO  l.i.p.controller.ItemController - From Item: Item Get Successfully !!!
2024-10-15 13:09:49 [http-nio-8080-exec-10] INFO  l.i.p.controller.CustomerController - From Customer: Customer Get Successfully !!!
2024-10-15 13:09:49 [http-nio-8080-exec-5] INFO  l.i.p.controller.ItemController - From Item: Item Get Successfully !!!
2024-10-15 13:09:49 [http-nio-8080-exec-6] INFO  l.i.p.controller.OrderController - From Order: Order Get Successfully !!!
2024-10-15 13:09:49 [http-nio-8080-exec-9] INFO  l.i.p.controller.CustomerController - From Customer: Customer Get Successfully !!!
2024-10-15 13:09:49 [http-nio-8080-exec-4] INFO  l.i.p.controller.CustomerController - From Customer: Customer Get Successfully !!!
2024-10-15 13:11:53 [http-nio-8080-exec-3] INFO  l.i.p.controller.ItemController - From Item: Item Get Successfully !!!
2024-10-15 13:11:53 [http-nio-8080-exec-10] INFO  l.i.p.controller.CustomerController - From Customer: Customer Get Successfully !!!
2024-10-15 13:11:53 [http-nio-8080-exec-5] INFO  l.i.p.controller.ItemController - From Item: Item Get Successfully !!!
2024-10-15 13:11:53 [http-nio-8080-exec-6] INFO  l.i.p.controller.OrderController - From Order: Order Get Successfully !!!
2024-10-15 13:11:53 [http-nio-8080-exec-9] INFO  l.i.p.controller.OrderController - From Order: Order Get Successfully !!!
2024-10-15 13:11:53 [http-nio-8080-exec-4] INFO  l.i.p.controller.CustomerController - From Customer: Customer Get Successfully !!!
2024-10-15 13:11:53 [http-nio-8080-exec-1] INFO  l.i.p.controller.ItemController - From Item: Item Get Successfully !!!
2024-10-15 13:11:54 [http-nio-8080-exec-2] INFO  l.i.p.controller.CustomerController - From Customer: Customer Get Successfully !!!
2024-10-15 13:11:54 [http-nio-8080-exec-7] INFO  l.i.p.controller.CustomerController - From Customer: Customer Get Successfully !!!
2024-10-15 13:23:59 [http-nio-8080-exec-4] INFO  l.i.p.controller.CustomerController - From Customer: Customer Get Successfully !!!
2024-10-15 13:23:59 [http-nio-8080-exec-5] INFO  l.i.p.controller.ItemController - From Item: Item Get Successfully !!!
2024-10-15 13:23:59 [http-nio-8080-exec-3] INFO  l.i.p.controller.CustomerController - From Customer: Customer Get Successfully !!!
2024-10-15 13:23:59 [http-nio-8080-exec-9] INFO  l.i.p.controller.ItemController - From Item: Item Get Successfully !!!
2024-10-15 13:24:00 [http-nio-8080-exec-6] INFO  l.i.p.controller.ItemController - From Item: Item Get Successfully !!!
2024-10-15 13:24:00 [http-nio-8080-exec-7] INFO  l.i.p.controller.OrderController - From Order: Order Get Successfully !!!
2024-10-15 13:24:00 [http-nio-8080-exec-10] INFO  l.i.p.controller.CustomerController - From Customer: Customer Get Successfully !!!
2024-10-15 13:48:04 [RMI TCP Connection(2)-127.0.0.1] WARN  o.s.w.c.s.AnnotationConfigWebApplicationContext - Exception encountered during context initialization - cancelling refresh attempt: org.springframework.beans.factory.UnsatisfiedDependencyException: Error creating bean with name 'itemController': Unsatisfied dependency expressed through field 'itemService': Error creating bean with name 'itemServiceImpl': Unsatisfied dependency expressed through field 'itemDAO': Error creating bean with name 'itemDAO' defined in lk.ijse.possystembackendwithspring.dao.ItemDAO defined in @EnableJpaRepositories declared on WebAppRootConfig: Could not create query for public abstract java.util.List lk.ijse.possystembackendwithspring.dao.ItemDAO.findAllByTempId(java.util.List); Reason: Failed to create query for method public abstract java.util.List lk.ijse.possystembackendwithspring.dao.ItemDAO.findAllByTempId(java.util.List); Operator SIMPLE_PROPERTY on tempId requires a scalar argument, found interface java.util.List in method public abstract java.util.List lk.ijse.possystembackendwithspring.dao.ItemDAO.findAllByTempId(java.util.List)
2024-10-15 13:48:04 [RMI TCP Connection(2)-127.0.0.1] ERROR o.s.web.context.ContextLoader - Context initialization failed
org.springframework.beans.factory.UnsatisfiedDependencyException: Error creating bean with name 'itemController': Unsatisfied dependency expressed through field 'itemService': Error creating bean with name 'itemServiceImpl': Unsatisfied dependency expressed through field 'itemDAO': Error creating bean with name 'itemDAO' defined in lk.ijse.possystembackendwithspring.dao.ItemDAO defined in @EnableJpaRepositories declared on WebAppRootConfig: Could not create query for public abstract java.util.List lk.ijse.possystembackendwithspring.dao.ItemDAO.findAllByTempId(java.util.List); Reason: Failed to create query for method public abstract java.util.List lk.ijse.possystembackendwithspring.dao.ItemDAO.findAllByTempId(java.util.List); Operator SIMPLE_PROPERTY on tempId requires a scalar argument, found interface java.util.List in method public abstract java.util.List lk.ijse.possystembackendwithspring.dao.ItemDAO.findAllByTempId(java.util.List)
	at org.springframework.beans.factory.annotation.AutowiredAnnotationBeanPostProcessor$AutowiredFieldElement.resolveFieldValue(AutowiredAnnotationBeanPostProcessor.java:788)
	at org.springframework.beans.factory.annotation.AutowiredAnnotationBeanPostProcessor$AutowiredFieldElement.inject(AutowiredAnnotationBeanPostProcessor.java:768)
	at org.springframework.beans.factory.annotation.InjectionMetadata.inject(InjectionMetadata.java:145)
	at org.springframework.beans.factory.annotation.AutowiredAnnotationBeanPostProcessor.postProcessProperties(AutowiredAnnotationBeanPostProcessor.java:509)
	at org.springframework.beans.factory.support.AbstractAutowireCapableBeanFactory.populateBean(AbstractAutowireCapableBeanFactory.java:1439)
	at org.springframework.beans.factory.support.AbstractAutowireCapableBeanFactory.doCreateBean(AbstractAutowireCapableBeanFactory.java:599)
	at org.springframework.beans.factory.support.AbstractAutowireCapableBeanFactory.createBean(AbstractAutowireCapableBeanFactory.java:522)
	at org.springframework.beans.factory.support.AbstractBeanFactory.lambda$doGetBean$0(AbstractBeanFactory.java:337)
	at org.springframework.beans.factory.support.DefaultSingletonBeanRegistry.getSingleton(DefaultSingletonBeanRegistry.java:234)
	at org.springframework.beans.factory.support.AbstractBeanFactory.doGetBean(AbstractBeanFactory.java:335)
	at org.springframework.beans.factory.support.AbstractBeanFactory.getBean(AbstractBeanFactory.java:200)
	at org.springframework.beans.factory.support.DefaultListableBeanFactory.preInstantiateSingletons(DefaultListableBeanFactory.java:975)
	at org.springframework.context.support.AbstractApplicationContext.finishBeanFactoryInitialization(AbstractApplicationContext.java:971)
	at org.springframework.context.support.AbstractApplicationContext.refresh(AbstractApplicationContext.java:625)
	at org.springframework.web.context.ContextLoader.configureAndRefreshWebApplicationContext(ContextLoader.java:394)
	at org.springframework.web.context.ContextLoader.initWebApplicationContext(ContextLoader.java:274)
	at org.springframework.web.context.ContextLoaderListener.contextInitialized(ContextLoaderListener.java:102)
	at org.apache.catalina.core.StandardContext.listenerStart(StandardContext.java:3966)
	at org.apache.catalina.core.StandardContext.startInternal(StandardContext.java:4392)
	at org.apache.catalina.util.LifecycleBase.start(LifecycleBase.java:171)
	at org.apache.catalina.core.ContainerBase.addChild(ContainerBase.java:566)
	at org.apache.catalina.core.StandardHost.addChild(StandardHost.java:653)
	at org.apache.catalina.startup.HostConfig.manageApp(HostConfig.java:1760)
	at java.base/jdk.internal.reflect.DirectMethodHandleAccessor.invoke(DirectMethodHandleAccessor.java:103)
	at java.base/java.lang.reflect.Method.invoke(Method.java:580)
	at org.apache.tomcat.util.modeler.BaseModelMBean.invoke(BaseModelMBean.java:264)
	at java.management/com.sun.jmx.interceptor.DefaultMBeanServerInterceptor.invoke(DefaultMBeanServerInterceptor.java:803)
	at java.management/com.sun.jmx.mbeanserver.JmxMBeanServer.invoke(JmxMBeanServer.java:802)
	at org.apache.catalina.mbeans.MBeanFactory.createStandardContext(MBeanFactory.java:422)
	at org.apache.catalina.mbeans.MBeanFactory.createStandardContext(MBeanFactory.java:376)
	at java.base/jdk.internal.reflect.DirectMethodHandleAccessor.invoke(DirectMethodHandleAccessor.java:103)
	at java.base/java.lang.reflect.Method.invoke(Method.java:580)
	at org.apache.tomcat.util.modeler.BaseModelMBean.invoke(BaseModelMBean.java:264)
	at java.management/com.sun.jmx.interceptor.DefaultMBeanServerInterceptor.invoke(DefaultMBeanServerInterceptor.java:803)
	at java.management/com.sun.jmx.mbeanserver.JmxMBeanServer.invoke(JmxMBeanServer.java:802)
	at java.management/com.sun.jmx.remote.security.MBeanServerAccessController.invoke(MBeanServerAccessController.java:472)
	at java.management.rmi/javax.management.remote.rmi.RMIConnectionImpl.doOperation(RMIConnectionImpl.java:1472)
	at java.management.rmi/javax.management.remote.rmi.RMIConnectionImpl$PrivilegedOperation.run(RMIConnectionImpl.java:1310)
	at java.base/java.security.AccessController.doPrivileged(AccessController.java:714)
	at java.management.rmi/javax.management.remote.rmi.RMIConnectionImpl.doPrivilegedOperation(RMIConnectionImpl.java:1412)
	at java.management.rmi/javax.management.remote.rmi.RMIConnectionImpl.invoke(RMIConnectionImpl.java:829)
	at java.base/jdk.internal.reflect.DirectMethodHandleAccessor.invoke(DirectMethodHandleAccessor.java:103)
	at java.base/java.lang.reflect.Method.invoke(Method.java:580)
	at java.rmi/sun.rmi.server.UnicastServerRef.dispatch(UnicastServerRef.java:360)
	at java.rmi/sun.rmi.transport.Transport$1.run(Transport.java:200)
	at java.rmi/sun.rmi.transport.Transport$1.run(Transport.java:197)
	at java.base/java.security.AccessController.doPrivileged(AccessController.java:714)
	at java.rmi/sun.rmi.transport.Transport.serviceCall(Transport.java:196)
	at java.rmi/sun.rmi.transport.tcp.TCPTransport.handleMessages(TCPTransport.java:598)
	at java.rmi/sun.rmi.transport.tcp.TCPTransport$ConnectionHandler.run0(TCPTransport.java:844)
	at java.rmi/sun.rmi.transport.tcp.TCPTransport$ConnectionHandler.lambda$run$0(TCPTransport.java:721)
	at java.base/java.security.AccessController.doPrivileged(AccessController.java:400)
	at java.rmi/sun.rmi.transport.tcp.TCPTransport$ConnectionHandler.run(TCPTransport.java:720)
	at java.base/java.util.concurrent.ThreadPoolExecutor.runWorker(ThreadPoolExecutor.java:1144)
	at java.base/java.util.concurrent.ThreadPoolExecutor$Worker.run(ThreadPoolExecutor.java:642)
	at java.base/java.lang.Thread.run(Thread.java:1583)
Caused by: org.springframework.beans.factory.UnsatisfiedDependencyException: Error creating bean with name 'itemServiceImpl': Unsatisfied dependency expressed through field 'itemDAO': Error creating bean with name 'itemDAO' defined in lk.ijse.possystembackendwithspring.dao.ItemDAO defined in @EnableJpaRepositories declared on WebAppRootConfig: Could not create query for public abstract java.util.List lk.ijse.possystembackendwithspring.dao.ItemDAO.findAllByTempId(java.util.List); Reason: Failed to create query for method public abstract java.util.List lk.ijse.possystembackendwithspring.dao.ItemDAO.findAllByTempId(java.util.List); Operator SIMPLE_PROPERTY on tempId requires a scalar argument, found interface java.util.List in method public abstract java.util.List lk.ijse.possystembackendwithspring.dao.ItemDAO.findAllByTempId(java.util.List)
	at org.springframework.beans.factory.annotation.AutowiredAnnotationBeanPostProcessor$AutowiredFieldElement.resolveFieldValue(AutowiredAnnotationBeanPostProcessor.java:788)
	at org.springframework.beans.factory.annotation.AutowiredAnnotationBeanPostProcessor$AutowiredFieldElement.inject(AutowiredAnnotationBeanPostProcessor.java:768)
	at org.springframework.beans.factory.annotation.InjectionMetadata.inject(InjectionMetadata.java:145)
	at org.springframework.beans.factory.annotation.AutowiredAnnotationBeanPostProcessor.postProcessProperties(AutowiredAnnotationBeanPostProcessor.java:509)
	at org.springframework.beans.factory.support.AbstractAutowireCapableBeanFactory.populateBean(AbstractAutowireCapableBeanFactory.java:1439)
	at org.springframework.beans.factory.support.AbstractAutowireCapableBeanFactory.doCreateBean(AbstractAutowireCapableBeanFactory.java:599)
	at org.springframework.beans.factory.support.AbstractAutowireCapableBeanFactory.createBean(AbstractAutowireCapableBeanFactory.java:522)
	at org.springframework.beans.factory.support.AbstractBeanFactory.lambda$doGetBean$0(AbstractBeanFactory.java:337)
	at org.springframework.beans.factory.support.DefaultSingletonBeanRegistry.getSingleton(DefaultSingletonBeanRegistry.java:234)
	at org.springframework.beans.factory.support.AbstractBeanFactory.doGetBean(AbstractBeanFactory.java:335)
	at org.springframework.beans.factory.support.AbstractBeanFactory.getBean(AbstractBeanFactory.java:200)
	at org.springframework.beans.factory.config.DependencyDescriptor.resolveCandidate(DependencyDescriptor.java:254)
	at org.springframework.beans.factory.support.DefaultListableBeanFactory.doResolveDependency(DefaultListableBeanFactory.java:1443)
	at org.springframework.beans.factory.support.DefaultListableBeanFactory.resolveDependency(DefaultListableBeanFactory.java:1353)
	at org.springframework.beans.factory.annotation.AutowiredAnnotationBeanPostProcessor$AutowiredFieldElement.resolveFieldValue(AutowiredAnnotationBeanPostProcessor.java:785)
	... 55 common frames omitted
Caused by: org.springframework.beans.factory.BeanCreationException: Error creating bean with name 'itemDAO' defined in lk.ijse.possystembackendwithspring.dao.ItemDAO defined in @EnableJpaRepositories declared on WebAppRootConfig: Could not create query for public abstract java.util.List lk.ijse.possystembackendwithspring.dao.ItemDAO.findAllByTempId(java.util.List); Reason: Failed to create query for method public abstract java.util.List lk.ijse.possystembackendwithspring.dao.ItemDAO.findAllByTempId(java.util.List); Operator SIMPLE_PROPERTY on tempId requires a scalar argument, found interface java.util.List in method public abstract java.util.List lk.ijse.possystembackendwithspring.dao.ItemDAO.findAllByTempId(java.util.List)
	at org.springframework.beans.factory.support.AbstractAutowireCapableBeanFactory.initializeBean(AbstractAutowireCapableBeanFactory.java:1806)
	at org.springframework.beans.factory.support.AbstractAutowireCapableBeanFactory.doCreateBean(AbstractAutowireCapableBeanFactory.java:600)
	at org.springframework.beans.factory.support.AbstractAutowireCapableBeanFactory.createBean(AbstractAutowireCapableBeanFactory.java:522)
	at org.springframework.beans.factory.support.AbstractBeanFactory.lambda$doGetBean$0(AbstractBeanFactory.java:337)
	at org.springframework.beans.factory.support.DefaultSingletonBeanRegistry.getSingleton(DefaultSingletonBeanRegistry.java:234)
	at org.springframework.beans.factory.support.AbstractBeanFactory.doGetBean(AbstractBeanFactory.java:335)
	at org.springframework.beans.factory.support.AbstractBeanFactory.getBean(AbstractBeanFactory.java:200)
	at org.springframework.beans.factory.config.DependencyDescriptor.resolveCandidate(DependencyDescriptor.java:254)
	at org.springframework.beans.factory.support.DefaultListableBeanFactory.doResolveDependency(DefaultListableBeanFactory.java:1443)
	at org.springframework.beans.factory.support.DefaultListableBeanFactory.resolveDependency(DefaultListableBeanFactory.java:1353)
	at org.springframework.beans.factory.annotation.AutowiredAnnotationBeanPostProcessor$AutowiredFieldElement.resolveFieldValue(AutowiredAnnotationBeanPostProcessor.java:785)
	... 69 common frames omitted
Caused by: org.springframework.data.repository.query.QueryCreationException: Could not create query for public abstract java.util.List lk.ijse.possystembackendwithspring.dao.ItemDAO.findAllByTempId(java.util.List); Reason: Failed to create query for method public abstract java.util.List lk.ijse.possystembackendwithspring.dao.ItemDAO.findAllByTempId(java.util.List); Operator SIMPLE_PROPERTY on tempId requires a scalar argument, found interface java.util.List in method public abstract java.util.List lk.ijse.possystembackendwithspring.dao.ItemDAO.findAllByTempId(java.util.List)
	at org.springframework.data.repository.query.QueryCreationException.create(QueryCreationException.java:101)
	at org.springframework.data.repository.core.support.QueryExecutorMethodInterceptor.lookupQuery(QueryExecutorMethodInterceptor.java:119)
	at org.springframework.data.repository.core.support.QueryExecutorMethodInterceptor.mapMethodsToQuery(QueryExecutorMethodInterceptor.java:103)
	at org.springframework.data.repository.core.support.QueryExecutorMethodInterceptor.lambda$new$0(QueryExecutorMethodInterceptor.java:92)
	at java.base/java.util.Optional.map(Optional.java:260)
	at org.springframework.data.repository.core.support.QueryExecutorMethodInterceptor.<init>(QueryExecutorMethodInterceptor.java:92)
	at org.springframework.data.repository.core.support.RepositoryFactorySupport.getRepository(RepositoryFactorySupport.java:357)
	at org.springframework.data.repository.core.support.RepositoryFactoryBeanSupport.lambda$afterPropertiesSet$5(RepositoryFactoryBeanSupport.java:286)
	at org.springframework.data.util.Lazy.getNullable(Lazy.java:135)
	at org.springframework.data.util.Lazy.get(Lazy.java:113)
	at org.springframework.data.repository.core.support.RepositoryFactoryBeanSupport.afterPropertiesSet(RepositoryFactoryBeanSupport.java:292)
	at org.springframework.data.jpa.repository.support.JpaRepositoryFactoryBean.afterPropertiesSet(JpaRepositoryFactoryBean.java:132)
	at org.springframework.beans.factory.support.AbstractAutowireCapableBeanFactory.invokeInitMethods(AbstractAutowireCapableBeanFactory.java:1853)
	at org.springframework.beans.factory.support.AbstractAutowireCapableBeanFactory.initializeBean(AbstractAutowireCapableBeanFactory.java:1802)
	... 79 common frames omitted
Caused by: java.lang.IllegalArgumentException: Failed to create query for method public abstract java.util.List lk.ijse.possystembackendwithspring.dao.ItemDAO.findAllByTempId(java.util.List); Operator SIMPLE_PROPERTY on tempId requires a scalar argument, found interface java.util.List in method public abstract java.util.List lk.ijse.possystembackendwithspring.dao.ItemDAO.findAllByTempId(java.util.List)
	at org.springframework.data.jpa.repository.query.PartTreeJpaQuery.<init>(PartTreeJpaQuery.java:107)
	at org.springframework.data.jpa.repository.query.JpaQueryLookupStrategy$CreateQueryLookupStrategy.resolveQuery(JpaQueryLookupStrategy.java:124)
	at org.springframework.data.jpa.repository.query.JpaQueryLookupStrategy$CreateIfNotFoundQueryLookupStrategy.resolveQuery(JpaQueryLookupStrategy.java:258)
	at org.springframework.data.jpa.repository.query.JpaQueryLookupStrategy$AbstractQueryLookupStrategy.resolveQuery(JpaQueryLookupStrategy.java:95)
	at org.springframework.data.repository.core.support.QueryExecutorMethodInterceptor.lookupQuery(QueryExecutorMethodInterceptor.java:115)
	... 91 common frames omitted
Caused by: java.lang.IllegalStateException: Operator SIMPLE_PROPERTY on tempId requires a scalar argument, found interface java.util.List in method public abstract java.util.List lk.ijse.possystembackendwithspring.dao.ItemDAO.findAllByTempId(java.util.List)
	at org.springframework.data.jpa.repository.query.PartTreeJpaQuery.throwExceptionOnArgumentMismatch(PartTreeJpaQuery.java:176)
	at org.springframework.data.jpa.repository.query.PartTreeJpaQuery.validate(PartTreeJpaQuery.java:149)
	at org.springframework.data.jpa.repository.query.PartTreeJpaQuery.<init>(PartTreeJpaQuery.java:102)
	... 95 common frames omitted
2024-10-15 13:49:31 [RMI TCP Connection(2)-127.0.0.1] WARN  o.s.w.c.s.AnnotationConfigWebApplicationContext - Exception encountered during context initialization - cancelling refresh attempt: org.springframework.beans.factory.UnsatisfiedDependencyException: Error creating bean with name 'itemController': Unsatisfied dependency expressed through field 'itemService': Error creating bean with name 'itemServiceImpl': Unsatisfied dependency expressed through field 'itemDAO': Error creating bean with name 'itemDAO' defined in lk.ijse.possystembackendwithspring.dao.ItemDAO defined in @EnableJpaRepositories declared on WebAppRootConfig: Could not create query for public abstract java.util.List lk.ijse.possystembackendwithspring.dao.ItemDAO.findAllByTempId(java.util.List); Reason: Failed to create query for method public abstract java.util.List lk.ijse.possystembackendwithspring.dao.ItemDAO.findAllByTempId(java.util.List); Operator SIMPLE_PROPERTY on tempId requires a scalar argument, found interface java.util.List in method public abstract java.util.List lk.ijse.possystembackendwithspring.dao.ItemDAO.findAllByTempId(java.util.List)
2024-10-15 13:49:32 [RMI TCP Connection(2)-127.0.0.1] ERROR o.s.web.context.ContextLoader - Context initialization failed
org.springframework.beans.factory.UnsatisfiedDependencyException: Error creating bean with name 'itemController': Unsatisfied dependency expressed through field 'itemService': Error creating bean with name 'itemServiceImpl': Unsatisfied dependency expressed through field 'itemDAO': Error creating bean with name 'itemDAO' defined in lk.ijse.possystembackendwithspring.dao.ItemDAO defined in @EnableJpaRepositories declared on WebAppRootConfig: Could not create query for public abstract java.util.List lk.ijse.possystembackendwithspring.dao.ItemDAO.findAllByTempId(java.util.List); Reason: Failed to create query for method public abstract java.util.List lk.ijse.possystembackendwithspring.dao.ItemDAO.findAllByTempId(java.util.List); Operator SIMPLE_PROPERTY on tempId requires a scalar argument, found interface java.util.List in method public abstract java.util.List lk.ijse.possystembackendwithspring.dao.ItemDAO.findAllByTempId(java.util.List)
	at org.springframework.beans.factory.annotation.AutowiredAnnotationBeanPostProcessor$AutowiredFieldElement.resolveFieldValue(AutowiredAnnotationBeanPostProcessor.java:788)
	at org.springframework.beans.factory.annotation.AutowiredAnnotationBeanPostProcessor$AutowiredFieldElement.inject(AutowiredAnnotationBeanPostProcessor.java:768)
	at org.springframework.beans.factory.annotation.InjectionMetadata.inject(InjectionMetadata.java:145)
	at org.springframework.beans.factory.annotation.AutowiredAnnotationBeanPostProcessor.postProcessProperties(AutowiredAnnotationBeanPostProcessor.java:509)
	at org.springframework.beans.factory.support.AbstractAutowireCapableBeanFactory.populateBean(AbstractAutowireCapableBeanFactory.java:1439)
	at org.springframework.beans.factory.support.AbstractAutowireCapableBeanFactory.doCreateBean(AbstractAutowireCapableBeanFactory.java:599)
	at org.springframework.beans.factory.support.AbstractAutowireCapableBeanFactory.createBean(AbstractAutowireCapableBeanFactory.java:522)
	at org.springframework.beans.factory.support.AbstractBeanFactory.lambda$doGetBean$0(AbstractBeanFactory.java:337)
	at org.springframework.beans.factory.support.DefaultSingletonBeanRegistry.getSingleton(DefaultSingletonBeanRegistry.java:234)
	at org.springframework.beans.factory.support.AbstractBeanFactory.doGetBean(AbstractBeanFactory.java:335)
	at org.springframework.beans.factory.support.AbstractBeanFactory.getBean(AbstractBeanFactory.java:200)
	at org.springframework.beans.factory.support.DefaultListableBeanFactory.preInstantiateSingletons(DefaultListableBeanFactory.java:975)
	at org.springframework.context.support.AbstractApplicationContext.finishBeanFactoryInitialization(AbstractApplicationContext.java:971)
	at org.springframework.context.support.AbstractApplicationContext.refresh(AbstractApplicationContext.java:625)
	at org.springframework.web.context.ContextLoader.configureAndRefreshWebApplicationContext(ContextLoader.java:394)
	at org.springframework.web.context.ContextLoader.initWebApplicationContext(ContextLoader.java:274)
	at org.springframework.web.context.ContextLoaderListener.contextInitialized(ContextLoaderListener.java:102)
	at org.apache.catalina.core.StandardContext.listenerStart(StandardContext.java:3966)
	at org.apache.catalina.core.StandardContext.startInternal(StandardContext.java:4392)
	at org.apache.catalina.util.LifecycleBase.start(LifecycleBase.java:171)
	at org.apache.catalina.core.ContainerBase.addChild(ContainerBase.java:566)
	at org.apache.catalina.core.StandardHost.addChild(StandardHost.java:653)
	at org.apache.catalina.startup.HostConfig.manageApp(HostConfig.java:1760)
	at java.base/jdk.internal.reflect.DirectMethodHandleAccessor.invoke(DirectMethodHandleAccessor.java:103)
	at java.base/java.lang.reflect.Method.invoke(Method.java:580)
	at org.apache.tomcat.util.modeler.BaseModelMBean.invoke(BaseModelMBean.java:264)
	at java.management/com.sun.jmx.interceptor.DefaultMBeanServerInterceptor.invoke(DefaultMBeanServerInterceptor.java:803)
	at java.management/com.sun.jmx.mbeanserver.JmxMBeanServer.invoke(JmxMBeanServer.java:802)
	at org.apache.catalina.mbeans.MBeanFactory.createStandardContext(MBeanFactory.java:422)
	at org.apache.catalina.mbeans.MBeanFactory.createStandardContext(MBeanFactory.java:376)
	at java.base/jdk.internal.reflect.DirectMethodHandleAccessor.invoke(DirectMethodHandleAccessor.java:103)
	at java.base/java.lang.reflect.Method.invoke(Method.java:580)
	at org.apache.tomcat.util.modeler.BaseModelMBean.invoke(BaseModelMBean.java:264)
	at java.management/com.sun.jmx.interceptor.DefaultMBeanServerInterceptor.invoke(DefaultMBeanServerInterceptor.java:803)
	at java.management/com.sun.jmx.mbeanserver.JmxMBeanServer.invoke(JmxMBeanServer.java:802)
	at java.management/com.sun.jmx.remote.security.MBeanServerAccessController.invoke(MBeanServerAccessController.java:472)
	at java.management.rmi/javax.management.remote.rmi.RMIConnectionImpl.doOperation(RMIConnectionImpl.java:1472)
	at java.management.rmi/javax.management.remote.rmi.RMIConnectionImpl$PrivilegedOperation.run(RMIConnectionImpl.java:1310)
	at java.base/java.security.AccessController.doPrivileged(AccessController.java:714)
	at java.management.rmi/javax.management.remote.rmi.RMIConnectionImpl.doPrivilegedOperation(RMIConnectionImpl.java:1412)
	at java.management.rmi/javax.management.remote.rmi.RMIConnectionImpl.invoke(RMIConnectionImpl.java:829)
	at java.base/jdk.internal.reflect.DirectMethodHandleAccessor.invoke(DirectMethodHandleAccessor.java:103)
	at java.base/java.lang.reflect.Method.invoke(Method.java:580)
	at java.rmi/sun.rmi.server.UnicastServerRef.dispatch(UnicastServerRef.java:360)
	at java.rmi/sun.rmi.transport.Transport$1.run(Transport.java:200)
	at java.rmi/sun.rmi.transport.Transport$1.run(Transport.java:197)
	at java.base/java.security.AccessController.doPrivileged(AccessController.java:714)
	at java.rmi/sun.rmi.transport.Transport.serviceCall(Transport.java:196)
	at java.rmi/sun.rmi.transport.tcp.TCPTransport.handleMessages(TCPTransport.java:598)
	at java.rmi/sun.rmi.transport.tcp.TCPTransport$ConnectionHandler.run0(TCPTransport.java:844)
	at java.rmi/sun.rmi.transport.tcp.TCPTransport$ConnectionHandler.lambda$run$0(TCPTransport.java:721)
	at java.base/java.security.AccessController.doPrivileged(AccessController.java:400)
	at java.rmi/sun.rmi.transport.tcp.TCPTransport$ConnectionHandler.run(TCPTransport.java:720)
	at java.base/java.util.concurrent.ThreadPoolExecutor.runWorker(ThreadPoolExecutor.java:1144)
	at java.base/java.util.concurrent.ThreadPoolExecutor$Worker.run(ThreadPoolExecutor.java:642)
	at java.base/java.lang.Thread.run(Thread.java:1583)
Caused by: org.springframework.beans.factory.UnsatisfiedDependencyException: Error creating bean with name 'itemServiceImpl': Unsatisfied dependency expressed through field 'itemDAO': Error creating bean with name 'itemDAO' defined in lk.ijse.possystembackendwithspring.dao.ItemDAO defined in @EnableJpaRepositories declared on WebAppRootConfig: Could not create query for public abstract java.util.List lk.ijse.possystembackendwithspring.dao.ItemDAO.findAllByTempId(java.util.List); Reason: Failed to create query for method public abstract java.util.List lk.ijse.possystembackendwithspring.dao.ItemDAO.findAllByTempId(java.util.List); Operator SIMPLE_PROPERTY on tempId requires a scalar argument, found interface java.util.List in method public abstract java.util.List lk.ijse.possystembackendwithspring.dao.ItemDAO.findAllByTempId(java.util.List)
	at org.springframework.beans.factory.annotation.AutowiredAnnotationBeanPostProcessor$AutowiredFieldElement.resolveFieldValue(AutowiredAnnotationBeanPostProcessor.java:788)
	at org.springframework.beans.factory.annotation.AutowiredAnnotationBeanPostProcessor$AutowiredFieldElement.inject(AutowiredAnnotationBeanPostProcessor.java:768)
	at org.springframework.beans.factory.annotation.InjectionMetadata.inject(InjectionMetadata.java:145)
	at org.springframework.beans.factory.annotation.AutowiredAnnotationBeanPostProcessor.postProcessProperties(AutowiredAnnotationBeanPostProcessor.java:509)
	at org.springframework.beans.factory.support.AbstractAutowireCapableBeanFactory.populateBean(AbstractAutowireCapableBeanFactory.java:1439)
	at org.springframework.beans.factory.support.AbstractAutowireCapableBeanFactory.doCreateBean(AbstractAutowireCapableBeanFactory.java:599)
	at org.springframework.beans.factory.support.AbstractAutowireCapableBeanFactory.createBean(AbstractAutowireCapableBeanFactory.java:522)
	at org.springframework.beans.factory.support.AbstractBeanFactory.lambda$doGetBean$0(AbstractBeanFactory.java:337)
	at org.springframework.beans.factory.support.DefaultSingletonBeanRegistry.getSingleton(DefaultSingletonBeanRegistry.java:234)
	at org.springframework.beans.factory.support.AbstractBeanFactory.doGetBean(AbstractBeanFactory.java:335)
	at org.springframework.beans.factory.support.AbstractBeanFactory.getBean(AbstractBeanFactory.java:200)
	at org.springframework.beans.factory.config.DependencyDescriptor.resolveCandidate(DependencyDescriptor.java:254)
	at org.springframework.beans.factory.support.DefaultListableBeanFactory.doResolveDependency(DefaultListableBeanFactory.java:1443)
	at org.springframework.beans.factory.support.DefaultListableBeanFactory.resolveDependency(DefaultListableBeanFactory.java:1353)
	at org.springframework.beans.factory.annotation.AutowiredAnnotationBeanPostProcessor$AutowiredFieldElement.resolveFieldValue(AutowiredAnnotationBeanPostProcessor.java:785)
	... 55 common frames omitted
Caused by: org.springframework.beans.factory.BeanCreationException: Error creating bean with name 'itemDAO' defined in lk.ijse.possystembackendwithspring.dao.ItemDAO defined in @EnableJpaRepositories declared on WebAppRootConfig: Could not create query for public abstract java.util.List lk.ijse.possystembackendwithspring.dao.ItemDAO.findAllByTempId(java.util.List); Reason: Failed to create query for method public abstract java.util.List lk.ijse.possystembackendwithspring.dao.ItemDAO.findAllByTempId(java.util.List); Operator SIMPLE_PROPERTY on tempId requires a scalar argument, found interface java.util.List in method public abstract java.util.List lk.ijse.possystembackendwithspring.dao.ItemDAO.findAllByTempId(java.util.List)
	at org.springframework.beans.factory.support.AbstractAutowireCapableBeanFactory.initializeBean(AbstractAutowireCapableBeanFactory.java:1806)
	at org.springframework.beans.factory.support.AbstractAutowireCapableBeanFactory.doCreateBean(AbstractAutowireCapableBeanFactory.java:600)
	at org.springframework.beans.factory.support.AbstractAutowireCapableBeanFactory.createBean(AbstractAutowireCapableBeanFactory.java:522)
	at org.springframework.beans.factory.support.AbstractBeanFactory.lambda$doGetBean$0(AbstractBeanFactory.java:337)
	at org.springframework.beans.factory.support.DefaultSingletonBeanRegistry.getSingleton(DefaultSingletonBeanRegistry.java:234)
	at org.springframework.beans.factory.support.AbstractBeanFactory.doGetBean(AbstractBeanFactory.java:335)
	at org.springframework.beans.factory.support.AbstractBeanFactory.getBean(AbstractBeanFactory.java:200)
	at org.springframework.beans.factory.config.DependencyDescriptor.resolveCandidate(DependencyDescriptor.java:254)
	at org.springframework.beans.factory.support.DefaultListableBeanFactory.doResolveDependency(DefaultListableBeanFactory.java:1443)
	at org.springframework.beans.factory.support.DefaultListableBeanFactory.resolveDependency(DefaultListableBeanFactory.java:1353)
	at org.springframework.beans.factory.annotation.AutowiredAnnotationBeanPostProcessor$AutowiredFieldElement.resolveFieldValue(AutowiredAnnotationBeanPostProcessor.java:785)
	... 69 common frames omitted
Caused by: org.springframework.data.repository.query.QueryCreationException: Could not create query for public abstract java.util.List lk.ijse.possystembackendwithspring.dao.ItemDAO.findAllByTempId(java.util.List); Reason: Failed to create query for method public abstract java.util.List lk.ijse.possystembackendwithspring.dao.ItemDAO.findAllByTempId(java.util.List); Operator SIMPLE_PROPERTY on tempId requires a scalar argument, found interface java.util.List in method public abstract java.util.List lk.ijse.possystembackendwithspring.dao.ItemDAO.findAllByTempId(java.util.List)
	at org.springframework.data.repository.query.QueryCreationException.create(QueryCreationException.java:101)
	at org.springframework.data.repository.core.support.QueryExecutorMethodInterceptor.lookupQuery(QueryExecutorMethodInterceptor.java:119)
	at org.springframework.data.repository.core.support.QueryExecutorMethodInterceptor.mapMethodsToQuery(QueryExecutorMethodInterceptor.java:103)
	at org.springframework.data.repository.core.support.QueryExecutorMethodInterceptor.lambda$new$0(QueryExecutorMethodInterceptor.java:92)
	at java.base/java.util.Optional.map(Optional.java:260)
	at org.springframework.data.repository.core.support.QueryExecutorMethodInterceptor.<init>(QueryExecutorMethodInterceptor.java:92)
	at org.springframework.data.repository.core.support.RepositoryFactorySupport.getRepository(RepositoryFactorySupport.java:357)
	at org.springframework.data.repository.core.support.RepositoryFactoryBeanSupport.lambda$afterPropertiesSet$5(RepositoryFactoryBeanSupport.java:286)
	at org.springframework.data.util.Lazy.getNullable(Lazy.java:135)
	at org.springframework.data.util.Lazy.get(Lazy.java:113)
	at org.springframework.data.repository.core.support.RepositoryFactoryBeanSupport.afterPropertiesSet(RepositoryFactoryBeanSupport.java:292)
	at org.springframework.data.jpa.repository.support.JpaRepositoryFactoryBean.afterPropertiesSet(JpaRepositoryFactoryBean.java:132)
	at org.springframework.beans.factory.support.AbstractAutowireCapableBeanFactory.invokeInitMethods(AbstractAutowireCapableBeanFactory.java:1853)
	at org.springframework.beans.factory.support.AbstractAutowireCapableBeanFactory.initializeBean(AbstractAutowireCapableBeanFactory.java:1802)
	... 79 common frames omitted
Caused by: java.lang.IllegalArgumentException: Failed to create query for method public abstract java.util.List lk.ijse.possystembackendwithspring.dao.ItemDAO.findAllByTempId(java.util.List); Operator SIMPLE_PROPERTY on tempId requires a scalar argument, found interface java.util.List in method public abstract java.util.List lk.ijse.possystembackendwithspring.dao.ItemDAO.findAllByTempId(java.util.List)
	at org.springframework.data.jpa.repository.query.PartTreeJpaQuery.<init>(PartTreeJpaQuery.java:107)
	at org.springframework.data.jpa.repository.query.JpaQueryLookupStrategy$CreateQueryLookupStrategy.resolveQuery(JpaQueryLookupStrategy.java:124)
	at org.springframework.data.jpa.repository.query.JpaQueryLookupStrategy$CreateIfNotFoundQueryLookupStrategy.resolveQuery(JpaQueryLookupStrategy.java:258)
	at org.springframework.data.jpa.repository.query.JpaQueryLookupStrategy$AbstractQueryLookupStrategy.resolveQuery(JpaQueryLookupStrategy.java:95)
	at org.springframework.data.repository.core.support.QueryExecutorMethodInterceptor.lookupQuery(QueryExecutorMethodInterceptor.java:115)
	... 91 common frames omitted
Caused by: java.lang.IllegalStateException: Operator SIMPLE_PROPERTY on tempId requires a scalar argument, found interface java.util.List in method public abstract java.util.List lk.ijse.possystembackendwithspring.dao.ItemDAO.findAllByTempId(java.util.List)
	at org.springframework.data.jpa.repository.query.PartTreeJpaQuery.throwExceptionOnArgumentMismatch(PartTreeJpaQuery.java:176)
	at org.springframework.data.jpa.repository.query.PartTreeJpaQuery.validate(PartTreeJpaQuery.java:149)
	at org.springframework.data.jpa.repository.query.PartTreeJpaQuery.<init>(PartTreeJpaQuery.java:102)
	... 95 common frames omitted
2024-10-15 13:53:10 [http-nio-8080-exec-10] INFO  l.i.p.controller.CustomerController - From Customer: Customer Get Successfully !!!
2024-10-15 13:53:10 [http-nio-8080-exec-9] INFO  l.i.p.controller.ItemController - From Item: Item Get Successfully !!!
2024-10-15 13:53:11 [http-nio-8080-exec-5] INFO  l.i.p.controller.OrderController - From Order: Order Get Successfully !!!
2024-10-15 13:53:11 [http-nio-8080-exec-6] INFO  l.i.p.controller.CustomerController - From Customer: Customer Get Successfully !!!
2024-10-15 13:53:11 [http-nio-8080-exec-1] INFO  l.i.p.controller.ItemController - From Item: Item Get Successfully !!!
2024-10-15 13:53:11 [http-nio-8080-exec-2] INFO  l.i.p.controller.ItemController - From Item: Item Get Successfully !!!
2024-10-15 13:53:12 [http-nio-8080-exec-4] INFO  l.i.p.controller.OrderController - From Order: Order Get Successfully !!!
2024-10-15 13:53:12 [http-nio-8080-exec-3] INFO  l.i.p.controller.CustomerController - From Customer: Customer Get Successfully !!!
2024-10-15 13:53:12 [http-nio-8080-exec-8] INFO  l.i.p.controller.CustomerController - From Customer: Customer Get Successfully !!!
2024-10-15 13:53:55 [http-nio-8080-exec-4] INFO  l.i.p.controller.ItemController - From Item: Item Get Successfully !!!
2024-10-15 13:54:00 [http-nio-8080-exec-6] INFO  l.i.p.controller.ItemController - From Item: Item Get Successfully !!!
2024-10-15 13:54:07 [http-nio-8080-exec-10] INFO  l.i.p.controller.OrderController - From Order: Order Save Successfully !!!
2024-10-15 13:54:07 [http-nio-8080-exec-9] INFO  l.i.p.controller.ItemController - From Item: Item Get Successfully !!!
2024-10-15 13:54:07 [http-nio-8080-exec-2] INFO  l.i.p.controller.OrderController - From Order: Order Get Successfully !!!
2024-10-15 13:54:07 [http-nio-8080-exec-1] INFO  l.i.p.controller.OrderController - From Order: Order Get Successfully !!!
2024-10-15 14:03:20 [http-nio-8080-exec-1] INFO  l.i.p.controller.CustomerController - From Customer: Customer Get Successfully !!!
2024-10-15 14:03:20 [http-nio-8080-exec-2] INFO  l.i.p.controller.ItemController - From Item: Item Get Successfully !!!
2024-10-15 14:03:21 [http-nio-8080-exec-3] INFO  l.i.p.controller.OrderController - From Order: Order Get Successfully !!!
2024-10-15 14:03:21 [http-nio-8080-exec-6] INFO  l.i.p.controller.CustomerController - From Customer: Customer Get Successfully !!!
2024-10-15 14:03:21 [http-nio-8080-exec-10] INFO  l.i.p.controller.ItemController - From Item: Item Get Successfully !!!
2024-10-15 14:03:21 [http-nio-8080-exec-7] INFO  l.i.p.controller.CustomerController - From Customer: Customer Get Successfully !!!
2024-10-15 14:03:21 [http-nio-8080-exec-4] INFO  l.i.p.controller.ItemController - From Item: Item Get Successfully !!!
2024-10-15 14:03:22 [http-nio-8080-exec-8] INFO  l.i.p.controller.OrderController - From Order: Order Get Successfully !!!
2024-10-15 14:03:22 [http-nio-8080-exec-9] INFO  l.i.p.controller.CustomerController - From Customer: Customer Get Successfully !!!
2024-10-15 14:03:50 [http-nio-8080-exec-10] INFO  l.i.p.controller.ItemController - From Item: Item Get Successfully !!!
2024-10-15 14:03:55 [http-nio-8080-exec-4] INFO  l.i.p.controller.ItemController - From Item: Item Get Successfully !!!
2024-10-15 14:04:12 [http-nio-8080-exec-9] INFO  l.i.p.controller.ItemController - From Item: Item Get Successfully !!!
2024-10-15 14:04:27 [http-nio-8080-exec-2] INFO  l.i.p.controller.OrderController - From Order: Order Save Successfully !!!
2024-10-15 14:04:27 [http-nio-8080-exec-3] INFO  l.i.p.controller.ItemController - From Item: Item Get Successfully !!!
2024-10-15 14:04:27 [http-nio-8080-exec-1] INFO  l.i.p.controller.OrderController - From Order: Order Get Successfully !!!
2024-10-15 14:04:28 [http-nio-8080-exec-6] INFO  l.i.p.controller.OrderController - From Order: Order Get Successfully !!!
2024-10-15 14:06:19 [http-nio-8080-exec-4] INFO  l.i.p.controller.ItemController - From Item: Item Get Successfully !!!
2024-10-15 14:06:19 [http-nio-8080-exec-9] INFO  l.i.p.controller.CustomerController - From Customer: Customer Get Successfully !!!
2024-10-15 14:06:19 [http-nio-8080-exec-5] INFO  l.i.p.controller.ItemController - From Item: Item Get Successfully !!!
2024-10-15 14:06:19 [http-nio-8080-exec-7] INFO  l.i.p.controller.OrderController - From Order: Order Get Successfully !!!
2024-10-15 14:06:19 [http-nio-8080-exec-3] INFO  l.i.p.controller.CustomerController - From Customer: Customer Get Successfully !!!
2024-10-15 14:06:19 [http-nio-8080-exec-1] INFO  l.i.p.controller.CustomerController - From Customer: Customer Get Successfully !!!
2024-10-15 14:06:19 [http-nio-8080-exec-6] INFO  l.i.p.controller.ItemController - From Item: Item Get Successfully !!!
2024-10-15 14:06:20 [http-nio-8080-exec-10] INFO  l.i.p.controller.CustomerController - From Customer: Customer Get Successfully !!!
2024-10-15 14:06:20 [http-nio-8080-exec-2] INFO  l.i.p.controller.OrderController - From Order: Order Get Successfully !!!
2024-10-15 14:15:14 [http-nio-8080-exec-3] INFO  l.i.p.controller.ItemController - From Item: Item Get Successfully !!!
2024-10-15 14:15:14 [http-nio-8080-exec-7] INFO  l.i.p.controller.CustomerController - From Customer: Customer Get Successfully !!!
2024-10-15 14:15:15 [http-nio-8080-exec-4] INFO  l.i.p.controller.ItemController - From Item: Item Get Successfully !!!
2024-10-15 14:15:15 [http-nio-8080-exec-1] INFO  l.i.p.controller.CustomerController - From Customer: Customer Get Successfully !!!
2024-10-15 14:15:16 [http-nio-8080-exec-6] INFO  l.i.p.controller.ItemController - From Item: Item Get Successfully !!!
2024-10-15 14:15:16 [http-nio-8080-exec-2] INFO  l.i.p.controller.CustomerController - From Customer: Customer Get Successfully !!!
2024-10-15 14:15:16 [http-nio-8080-exec-8] INFO  l.i.p.controller.CustomerController - From Customer: Customer Get Successfully !!!
2024-10-15 14:15:16 [http-nio-8080-exec-5] INFO  l.i.p.controller.OrderController - From Order: Order Get Successfully !!!
2024-10-15 14:15:16 [http-nio-8080-exec-10] INFO  l.i.p.controller.OrderController - From Order: Order Get Successfully !!!
2024-10-16 11:03:24 [http-nio-8080-exec-9] INFO  l.i.p.controller.CustomerController - From Customer: Customer Get Successfully !!!
2024-10-16 11:03:24 [http-nio-8080-exec-10] INFO  l.i.p.controller.ItemController - From Item: Item Get Successfully !!!
2024-10-16 11:03:25 [http-nio-8080-exec-2] INFO  l.i.p.controller.OrderController - From Order: Order Get Successfully !!!
2024-10-16 11:03:25 [http-nio-8080-exec-1] INFO  l.i.p.controller.ItemController - From Item: Item Get Successfully !!!
2024-10-16 11:03:25 [http-nio-8080-exec-6] INFO  l.i.p.controller.CustomerController - From Customer: Customer Get Successfully !!!
2024-10-16 11:03:25 [http-nio-8080-exec-4] INFO  l.i.p.controller.CustomerController - From Customer: Customer Get Successfully !!!
2024-10-16 11:03:25 [http-nio-8080-exec-8] INFO  l.i.p.controller.ItemController - From Item: Item Get Successfully !!!
2024-10-16 11:03:26 [http-nio-8080-exec-7] INFO  l.i.p.controller.CustomerController - From Customer: Customer Get Successfully !!!
2024-10-16 11:03:26 [http-nio-8080-exec-5] INFO  l.i.p.controller.OrderController - From Order: Order Get Successfully !!!
2024-10-16 11:03:54 [http-nio-8080-exec-4] INFO  l.i.p.controller.ItemController - From Item: Item Get Successfully !!!
2024-10-16 11:04:00 [http-nio-8080-exec-8] INFO  l.i.p.controller.ItemController - From Item: Item Get Successfully !!!
2024-10-16 11:04:08 [http-nio-8080-exec-5] WARN  o.h.e.jdbc.spi.SqlExceptionHelper - SQL Error: 1062, SQLState: 23000
2024-10-16 11:04:08 [http-nio-8080-exec-5] ERROR o.h.e.jdbc.spi.SqlExceptionHelper - Duplicate entry 'IID-003' for key 'item.UKl755xko3yjmv9vs5k7cx856ru'
2024-10-16 11:04:08 [http-nio-8080-exec-5] INFO  l.i.p.controller.OrderController - From Order: Order Not Save !!!
2024-10-16 11:10:17 [http-nio-8080-exec-2] WARN  o.h.e.jdbc.spi.SqlExceptionHelper - SQL Error: 1062, SQLState: 23000
2024-10-16 11:10:17 [http-nio-8080-exec-2] ERROR o.h.e.jdbc.spi.SqlExceptionHelper - Duplicate entry 'IID-003' for key 'item.UKl755xko3yjmv9vs5k7cx856ru'
2024-10-16 11:10:17 [http-nio-8080-exec-2] INFO  l.i.p.controller.OrderController - From Order: Order Not Save !!!
2024-10-16 11:10:20 [http-nio-8080-exec-1] WARN  o.h.e.jdbc.spi.SqlExceptionHelper - SQL Error: 1062, SQLState: 23000
2024-10-16 11:10:20 [http-nio-8080-exec-1] ERROR o.h.e.jdbc.spi.SqlExceptionHelper - Duplicate entry 'IID-003' for key 'item.UKl755xko3yjmv9vs5k7cx856ru'
2024-10-16 11:10:20 [http-nio-8080-exec-1] INFO  l.i.p.controller.OrderController - From Order: Order Not Save !!!
2024-10-16 11:19:40 [http-nio-8080-exec-1] INFO  l.i.p.controller.OrderController - From Order: Order Save Successfully !!!
2024-10-16 11:19:40 [http-nio-8080-exec-2] INFO  l.i.p.controller.ItemController - From Item: Item Get Successfully !!!
2024-10-16 11:19:40 [http-nio-8080-exec-5] INFO  l.i.p.controller.OrderController - From Order: Order Get Successfully !!!
2024-10-16 11:19:40 [http-nio-8080-exec-4] INFO  l.i.p.controller.OrderController - From Order: Order Get Successfully !!!
2024-10-16 11:20:08 [http-nio-8080-exec-8] INFO  l.i.p.controller.ItemController - From Item: Item Updated Successfully !!!
2024-10-16 11:20:08 [http-nio-8080-exec-10] INFO  l.i.p.controller.ItemController - From Item: Item Get Successfully !!!
2024-10-16 11:20:08 [http-nio-8080-exec-1] INFO  l.i.p.controller.ItemController - From Item: Item Get Successfully !!!
2024-10-16 11:20:09 [http-nio-8080-exec-2] INFO  l.i.p.controller.ItemController - From Item: Item Get Successfully !!!
2024-10-16 11:20:19 [http-nio-8080-exec-9] INFO  l.i.p.controller.ItemController - From Item: Item Updated Successfully !!!
2024-10-16 11:20:19 [http-nio-8080-exec-3] INFO  l.i.p.controller.ItemController - From Item: Item Get Successfully !!!
2024-10-16 11:20:19 [http-nio-8080-exec-7] INFO  l.i.p.controller.ItemController - From Item: Item Get Successfully !!!
2024-10-16 11:20:19 [http-nio-8080-exec-8] INFO  l.i.p.controller.ItemController - From Item: Item Get Successfully !!!
2024-10-16 11:20:26 [http-nio-8080-exec-5] INFO  l.i.p.controller.ItemController - From Item: Item Updated Successfully !!!
2024-10-16 11:20:26 [http-nio-8080-exec-4] INFO  l.i.p.controller.ItemController - From Item: Item Get Successfully !!!
2024-10-16 11:20:26 [http-nio-8080-exec-6] INFO  l.i.p.controller.ItemController - From Item: Item Get Successfully !!!
2024-10-16 11:20:26 [http-nio-8080-exec-9] INFO  l.i.p.controller.ItemController - From Item: Item Get Successfully !!!
2024-10-16 11:20:43 [http-nio-8080-exec-8] INFO  l.i.p.controller.ItemController - From Item: Item Get Successfully !!!
2024-10-16 11:20:48 [http-nio-8080-exec-1] INFO  l.i.p.controller.ItemController - From Item: Item Get Successfully !!!
2024-10-16 11:20:50 [http-nio-8080-exec-2] INFO  l.i.p.controller.OrderController - From Order: Order Save Successfully !!!
2024-10-16 11:20:50 [http-nio-8080-exec-4] INFO  l.i.p.controller.ItemController - From Item: Item Get Successfully !!!
2024-10-16 11:20:50 [http-nio-8080-exec-5] INFO  l.i.p.controller.OrderController - From Order: Order Get Successfully !!!
2024-10-16 11:20:50 [http-nio-8080-exec-6] INFO  l.i.p.controller.OrderController - From Order: Order Get Successfully !!!
2024-10-16 11:22:12 [http-nio-8080-exec-7] INFO  l.i.p.controller.ItemController - From Item: Item Get Successfully !!!
2024-10-16 11:22:12 [http-nio-8080-exec-10] INFO  l.i.p.controller.CustomerController - From Customer: Customer Get Successfully !!!
2024-10-16 11:22:12 [http-nio-8080-exec-1] INFO  l.i.p.controller.ItemController - From Item: Item Get Successfully !!!
2024-10-16 11:22:12 [http-nio-8080-exec-2] INFO  l.i.p.controller.CustomerController - From Customer: Customer Get Successfully !!!
2024-10-16 11:22:12 [http-nio-8080-exec-8] INFO  l.i.p.controller.OrderController - From Order: Order Get Successfully !!!
2024-10-16 11:22:12 [http-nio-8080-exec-5] INFO  l.i.p.controller.ItemController - From Item: Item Get Successfully !!!
2024-10-16 11:22:12 [http-nio-8080-exec-6] INFO  l.i.p.controller.CustomerController - From Customer: Customer Get Successfully !!!
2024-10-16 11:22:12 [http-nio-8080-exec-9] INFO  l.i.p.controller.CustomerController - From Customer: Customer Get Successfully !!!
2024-10-16 11:22:12 [http-nio-8080-exec-4] INFO  l.i.p.controller.OrderController - From Order: Order Get Successfully !!!
2024-10-16 11:22:23 [http-nio-8080-exec-1] INFO  l.i.p.controller.ItemController - From Item: Item Get Successfully !!!
2024-10-16 11:22:31 [http-nio-8080-exec-5] INFO  l.i.p.controller.ItemController - From Item: Item Get Successfully !!!
2024-10-16 11:22:42 [http-nio-8080-exec-4] INFO  l.i.p.controller.OrderController - From Order: Order Save Successfully !!!
2024-10-16 11:22:42 [http-nio-8080-exec-3] INFO  l.i.p.controller.ItemController - From Item: Item Get Successfully !!!
2024-10-16 11:22:42 [http-nio-8080-exec-2] INFO  l.i.p.controller.OrderController - From Order: Order Get Successfully !!!
2024-10-16 11:22:42 [http-nio-8080-exec-10] INFO  l.i.p.controller.OrderController - From Order: Order Get Successfully !!!
2024-10-16 11:28:35 [http-nio-8080-exec-1] INFO  l.i.p.controller.ItemController - From Item: Item Updated Successfully !!!
2024-10-16 11:28:35 [http-nio-8080-exec-2] INFO  l.i.p.controller.ItemController - From Item: Item Get Successfully !!!
2024-10-16 11:28:35 [http-nio-8080-exec-6] INFO  l.i.p.controller.ItemController - From Item: Item Get Successfully !!!
2024-10-16 11:28:35 [http-nio-8080-exec-9] INFO  l.i.p.controller.ItemController - From Item: Item Get Successfully !!!
2024-10-16 11:28:48 [http-nio-8080-exec-3] INFO  l.i.p.controller.ItemController - From Item: Item Updated Successfully !!!
2024-10-16 11:28:48 [http-nio-8080-exec-8] INFO  l.i.p.controller.ItemController - From Item: Item Get Successfully !!!
2024-10-16 11:28:48 [http-nio-8080-exec-4] INFO  l.i.p.controller.ItemController - From Item: Item Get Successfully !!!
2024-10-16 11:28:48 [http-nio-8080-exec-10] INFO  l.i.p.controller.ItemController - From Item: Item Get Successfully !!!
2024-10-16 11:28:57 [http-nio-8080-exec-6] INFO  l.i.p.controller.ItemController - From Item: Item Updated Successfully !!!
2024-10-16 11:28:57 [http-nio-8080-exec-9] INFO  l.i.p.controller.ItemController - From Item: Item Get Successfully !!!
2024-10-16 11:28:57 [http-nio-8080-exec-5] INFO  l.i.p.controller.ItemController - From Item: Item Get Successfully !!!
2024-10-16 11:28:58 [http-nio-8080-exec-7] INFO  l.i.p.controller.ItemController - From Item: Item Get Successfully !!!
2024-10-16 11:29:24 [http-nio-8080-exec-4] INFO  l.i.p.controller.ItemController - From Item: Item Get Successfully !!!
2024-10-16 11:29:30 [http-nio-8080-exec-10] INFO  l.i.p.controller.ItemController - From Item: Item Get Successfully !!!
2024-10-16 11:29:41 [http-nio-8080-exec-2] INFO  l.i.p.controller.OrderController - From Order: Order Save Successfully !!!
2024-10-16 11:29:41 [http-nio-8080-exec-9] INFO  l.i.p.controller.ItemController - From Item: Item Get Successfully !!!
2024-10-16 11:29:42 [http-nio-8080-exec-6] INFO  l.i.p.controller.OrderController - From Order: Order Get Successfully !!!
2024-10-16 11:29:42 [http-nio-8080-exec-5] INFO  l.i.p.controller.OrderController - From Order: Order Get Successfully !!!
2024-10-16 11:30:22 [http-nio-8080-exec-3] INFO  l.i.p.controller.ItemController - From Item: Item Get Successfully !!!
2024-10-16 11:30:30 [http-nio-8080-exec-4] INFO  l.i.p.controller.ItemController - From Item: Item Get Successfully !!!
2024-10-16 11:30:35 [http-nio-8080-exec-1] INFO  l.i.p.controller.ItemController - From Item: Item Get Successfully !!!
2024-10-16 11:30:37 [http-nio-8080-exec-2] INFO  l.i.p.controller.OrderController - From Order: Order Save Successfully !!!
2024-10-16 11:30:37 [http-nio-8080-exec-6] INFO  l.i.p.controller.ItemController - From Item: Item Get Successfully !!!
2024-10-16 11:30:37 [http-nio-8080-exec-9] INFO  l.i.p.controller.OrderController - From Order: Order Get Successfully !!!
2024-10-16 11:30:37 [http-nio-8080-exec-5] INFO  l.i.p.controller.OrderController - From Order: Order Get Successfully !!!
2024-10-16 11:35:59 [http-nio-8080-exec-10] INFO  l.i.p.controller.ItemController - From Item: Item Get Successfully !!!
2024-10-16 11:35:59 [http-nio-8080-exec-1] INFO  l.i.p.controller.CustomerController - From Customer: Customer Get Successfully !!!
2024-10-16 11:36:00 [http-nio-8080-exec-6] INFO  l.i.p.controller.ItemController - From Item: Item Get Successfully !!!
2024-10-16 11:36:00 [http-nio-8080-exec-3] INFO  l.i.p.controller.OrderController - From Order: Order Get Successfully !!!
2024-10-16 11:36:00 [http-nio-8080-exec-6] INFO  l.i.p.controller.ItemController - From Item: Item Get Successfully !!!
2024-10-16 11:36:00 [http-nio-8080-exec-2] INFO  l.i.p.controller.CustomerController - From Customer: Customer Get Successfully !!!
2024-10-16 11:36:00 [http-nio-8080-exec-4] INFO  l.i.p.controller.OrderController - From Order: Order Get Successfully !!!
2024-10-16 11:36:00 [http-nio-8080-exec-5] INFO  l.i.p.controller.CustomerController - From Customer: Customer Get Successfully !!!
2024-10-16 11:36:00 [http-nio-8080-exec-7] INFO  l.i.p.controller.CustomerController - From Customer: Customer Get Successfully !!!
2024-10-16 11:37:52 [http-nio-8080-exec-4] INFO  l.i.p.controller.ItemController - From Item: Item Get Successfully !!!
2024-10-16 11:37:52 [http-nio-8080-exec-5] INFO  l.i.p.controller.CustomerController - From Customer: Customer Get Successfully !!!
2024-10-16 11:37:52 [http-nio-8080-exec-7] INFO  l.i.p.controller.ItemController - From Item: Item Get Successfully !!!
2024-10-16 11:37:52 [http-nio-8080-exec-8] INFO  l.i.p.controller.CustomerController - From Customer: Customer Get Successfully !!!
2024-10-16 11:37:52 [http-nio-8080-exec-2] INFO  l.i.p.controller.OrderController - From Order: Order Get Successfully !!!
2024-10-16 11:37:52 [http-nio-8080-exec-10] INFO  l.i.p.controller.ItemController - From Item: Item Get Successfully !!!
2024-10-16 11:37:52 [http-nio-8080-exec-6] INFO  l.i.p.controller.CustomerController - From Customer: Customer Get Successfully !!!
2024-10-16 11:37:52 [http-nio-8080-exec-1] INFO  l.i.p.controller.OrderController - From Order: Order Get Successfully !!!
2024-10-16 11:37:52 [http-nio-8080-exec-3] INFO  l.i.p.controller.CustomerController - From Customer: Customer Get Successfully !!!
